This file contains any messages produced by compilers while
running configure, to aid debugging if configure makes a mistake.

It was created by wolfssl configure 4.5.0, which was
generated by GNU Autoconf 2.69.  Invocation command line was

  $ ./configure --enable-XMSS --enable-opensslextra --enable-certreq --enable-certgen --enable-certext

## --------- ##
## Platform. ##
## --------- ##

hostname = soundes-ThinkPad-T490
uname -m = x86_64
uname -r = 5.4.0-52-generic
uname -s = Linux
uname -v = #57~18.04.1-Ubuntu SMP Thu Oct 15 14:04:49 UTC 2020

/usr/bin/uname -p = unknown
/bin/uname -X     = unknown

/bin/arch              = unknown
/usr/bin/arch -k       = unknown
/usr/convex/getsysinfo = unknown
/usr/bin/hostinfo      = unknown
/bin/machine           = unknown
/usr/bin/oslevel       = unknown
/bin/universe          = unknown

PATH: /home/soundes/.local/bin
PATH: /usr/local/sbin
PATH: /usr/local/bin
PATH: /usr/sbin
PATH: /usr/bin
PATH: /sbin
PATH: /bin
PATH: /usr/games
PATH: /usr/local/games
PATH: /snap/bin


## ----------- ##
## Core tests. ##
## ----------- ##

configure:3363: checking for gcc
configure:3379: found /usr/bin/gcc
configure:3390: result: gcc
configure:3619: checking for C compiler version
configure:3628: gcc --version >&5
gcc (Ubuntu 7.5.0-3ubuntu1~18.04) 7.5.0
Copyright (C) 2017 Free Software Foundation, Inc.
This is free software; see the source for copying conditions.  There is NO
warranty; not even for MERCHANTABILITY or FITNESS FOR A PARTICULAR PURPOSE.

configure:3639: $? = 0
configure:3628: gcc -v >&5
Using built-in specs.
COLLECT_GCC=gcc
COLLECT_LTO_WRAPPER=/usr/lib/gcc/x86_64-linux-gnu/7/lto-wrapper
OFFLOAD_TARGET_NAMES=nvptx-none
OFFLOAD_TARGET_DEFAULT=1
Target: x86_64-linux-gnu
Configured with: ../src/configure -v --with-pkgversion='Ubuntu 7.5.0-3ubuntu1~18.04' --with-bugurl=file:///usr/share/doc/gcc-7/README.Bugs --enable-languages=c,ada,c++,go,brig,d,fortran,objc,obj-c++ --prefix=/usr --with-gcc-major-version-only --program-suffix=-7 --program-prefix=x86_64-linux-gnu- --enable-shared --enable-linker-build-id --libexecdir=/usr/lib --without-included-gettext --enable-threads=posix --libdir=/usr/lib --enable-nls --enable-bootstrap --enable-clocale=gnu --enable-libstdcxx-debug --enable-libstdcxx-time=yes --with-default-libstdcxx-abi=new --enable-gnu-unique-object --disable-vtable-verify --enable-libmpx --enable-plugin --enable-default-pie --with-system-zlib --with-target-system-zlib --enable-objc-gc=auto --enable-multiarch --disable-werror --with-arch-32=i686 --with-abi=m64 --with-multilib-list=m32,m64,mx32 --enable-multilib --with-tune=generic --enable-offload-targets=nvptx-none --without-cuda-driver --enable-checking=release --build=x86_64-linux-gnu --host=x86_64-linux-gnu --target=x86_64-linux-gnu
Thread model: posix
gcc version 7.5.0 (Ubuntu 7.5.0-3ubuntu1~18.04) 
configure:3639: $? = 0
configure:3628: gcc -V >&5
gcc: error: unrecognized command line option '-V'
gcc: fatal error: no input files
compilation terminated.
configure:3639: $? = 1
configure:3628: gcc -qversion >&5
gcc: error: unrecognized command line option '-qversion'; did you mean '--version'?
gcc: fatal error: no input files
compilation terminated.
configure:3639: $? = 1
configure:3659: checking whether the C compiler works
configure:3681: gcc    conftest.c  >&5
configure:3685: $? = 0
configure:3733: result: yes
configure:3736: checking for C compiler default output file name
configure:3738: result: a.out
configure:3744: checking for suffix of executables
configure:3751: gcc -o conftest    conftest.c  >&5
configure:3755: $? = 0
configure:3777: result: 
configure:3799: checking whether we are cross compiling
configure:3807: gcc -o conftest    conftest.c  >&5
configure:3811: $? = 0
configure:3818: ./conftest
configure:3822: $? = 0
configure:3837: result: no
configure:3842: checking for suffix of object files
configure:3864: gcc -c   conftest.c >&5
configure:3868: $? = 0
configure:3889: result: o
configure:3893: checking whether we are using the GNU C compiler
configure:3912: gcc -c   conftest.c >&5
configure:3912: $? = 0
configure:3921: result: yes
configure:3930: checking whether gcc accepts -g
configure:3950: gcc -c -g  conftest.c >&5
configure:3950: $? = 0
configure:3991: result: yes
configure:4008: checking for gcc option to accept ISO C89
configure:4071: gcc  -c   conftest.c >&5
configure:4071: $? = 0
configure:4084: result: none needed
configure:4112: checking whether gcc understands -c and -o together
configure:4134: gcc -c conftest.c -o conftest2.o
configure:4137: $? = 0
configure:4134: gcc -c conftest.c -o conftest2.o
configure:4137: $? = 0
configure:4149: result: yes
configure:4171: checking build system type
configure:4185: result: x86_64-pc-linux-gnu
configure:4205: checking host system type
configure:4218: result: x86_64-pc-linux-gnu
configure:4256: checking for a BSD-compatible install
configure:4324: result: /usr/bin/install -c
configure:4335: checking whether build environment is sane
configure:4390: result: yes
configure:4538: checking for a thread-safe mkdir -p
configure:4577: result: /bin/mkdir -p
configure:4584: checking for gawk
configure:4614: result: no
configure:4584: checking for mawk
configure:4600: found /usr/bin/mawk
configure:4611: result: mawk
configure:4622: checking whether make sets $(MAKE)
configure:4644: result: yes
configure:4674: checking for style of include used by make
configure:4702: result: GNU
configure:4736: checking whether make supports nested variables
configure:4753: result: yes
configure:4833: checking whether UID '1000' is supported by ustar format
configure:4836: result: yes
configure:4843: checking whether GID '1000' is supported by ustar format
configure:4846: result: yes
configure:4854: checking how to create a ustar tar archive
configure:4865: tar --version
tar (GNU tar) 1.29
Copyright (C) 2015 Free Software Foundation, Inc.
License GPLv3+: GNU GPL version 3 or later <http://gnu.org/licenses/gpl.html>.
This is free software: you are free to change and redistribute it.
There is NO WARRANTY, to the extent permitted by law.

Written by John Gilmore and Jay Fenlason.
configure:4868: $? = 0
configure:4908: tardir=conftest.dir && eval tar --format=ustar -chf - "$tardir" >conftest.tar
configure:4911: $? = 0
configure:4915: tar -xf - <conftest.tar
configure:4918: $? = 0
configure:4920: cat conftest.dir/file
GrepMe
configure:4923: $? = 0
configure:4936: result: gnutar
configure:4945: checking dependency style of gcc
configure:5056: result: gcc3
configure:5125: checking whether make supports nested variables
configure:5142: result: yes
configure:5206: checking how to print strings
configure:5233: result: printf
configure:5254: checking for a sed that does not truncate output
configure:5318: result: /bin/sed
configure:5336: checking for grep that handles long lines and -e
configure:5394: result: /bin/grep
configure:5399: checking for egrep
configure:5461: result: /bin/grep -E
configure:5466: checking for fgrep
configure:5528: result: /bin/grep -F
configure:5563: checking for ld used by gcc
configure:5630: result: /usr/bin/ld
configure:5637: checking if the linker (/usr/bin/ld) is GNU ld
configure:5652: result: yes
configure:5664: checking for BSD- or MS-compatible name lister (nm)
configure:5718: result: /usr/bin/nm -B
configure:5848: checking the name lister (/usr/bin/nm -B) interface
configure:5855: gcc -c   conftest.c >&5
configure:5858: /usr/bin/nm -B "conftest.o"
configure:5861: output
0000000000000000 B some_variable
configure:5868: result: BSD nm
configure:5871: checking whether ln -s works
configure:5875: result: yes
configure:5883: checking the maximum length of command line arguments
configure:6014: result: 1572864
configure:6062: checking how to convert x86_64-pc-linux-gnu file names to x86_64-pc-linux-gnu format
configure:6102: result: func_convert_file_noop
configure:6109: checking how to convert x86_64-pc-linux-gnu file names to toolchain format
configure:6129: result: func_convert_file_noop
configure:6136: checking for /usr/bin/ld option to reload object files
configure:6143: result: -r
configure:6217: checking for objdump
configure:6233: found /usr/bin/objdump
configure:6244: result: objdump
configure:6273: checking how to recognize dependent libraries
configure:6473: result: pass_all
configure:6558: checking for dlltool
configure:6588: result: no
configure:6615: checking how to associate runtime and link libraries
configure:6642: result: printf %s\n
configure:6703: checking for ar
configure:6719: found /usr/bin/ar
configure:6730: result: ar
configure:6767: checking for archiver @FILE support
configure:6784: gcc -c   conftest.c >&5
configure:6784: $? = 0
configure:6787: ar Ucru libconftest.a @conftest.lst >&5
configure:6790: $? = 0
configure:6795: ar Ucru libconftest.a @conftest.lst >&5
ar: conftest.o: No such file or directory
configure:6798: $? = 1
configure:6810: result: @
configure:6868: checking for strip
configure:6884: found /usr/bin/strip
configure:6895: result: strip
configure:6967: checking for ranlib
configure:6983: found /usr/bin/ranlib
configure:6994: result: ranlib
configure:7096: checking command to parse /usr/bin/nm -B output from gcc object
configure:7249: gcc -c   conftest.c >&5
configure:7252: $? = 0
configure:7256: /usr/bin/nm -B conftest.o \| sed -n -e 's/^.*[ ]\([ABCDGIRSTW][ABCDGIRSTW]*\)[ ][ ]*\([_A-Za-z][_A-Za-z0-9]*\)$/\1 \2 \2/p' | sed '/ __gnu_lto/d' \> conftest.nm
configure:7259: $? = 0
configure:7325: gcc -o conftest    conftest.c conftstm.o >&5
configure:7328: $? = 0
configure:7366: result: ok
configure:7413: checking for sysroot
configure:7443: result: no
configure:7450: checking for a working dd
configure:7488: result: /bin/dd
configure:7492: checking how to truncate binary pipes
configure:7507: result: /bin/dd bs=4096 count=1
configure:7643: gcc -c   conftest.c >&5
configure:7646: $? = 0
configure:7836: checking for mt
configure:7852: found /bin/mt
configure:7863: result: mt
configure:7886: checking if mt is a manifest tool
configure:7892: mt '-?'
configure:7900: result: no
configure:8577: checking how to run the C preprocessor
configure:8608: gcc -E  conftest.c
configure:8608: $? = 0
configure:8622: gcc -E  conftest.c
conftest.c:9:10: fatal error: ac_nonexistent.h: No such file or directory
 #include <ac_nonexistent.h>
          ^~~~~~~~~~~~~~~~~~
compilation terminated.
configure:8622: $? = 1
configure: failed program was:
| /* confdefs.h */
| #define PACKAGE_NAME "wolfssl"
| #define PACKAGE_TARNAME "wolfssl"
| #define PACKAGE_VERSION "4.5.0"
| #define PACKAGE_STRING "wolfssl 4.5.0"
| #define PACKAGE_BUGREPORT "https://github.com/wolfssl/wolfssl/issues"
| #define PACKAGE_URL "https://www.wolfssl.com"
| /* end confdefs.h.  */
| #include <ac_nonexistent.h>
configure:8647: result: gcc -E
configure:8667: gcc -E  conftest.c
configure:8667: $? = 0
configure:8681: gcc -E  conftest.c
conftest.c:9:10: fatal error: ac_nonexistent.h: No such file or directory
 #include <ac_nonexistent.h>
          ^~~~~~~~~~~~~~~~~~
compilation terminated.
configure:8681: $? = 1
configure: failed program was:
| /* confdefs.h */
| #define PACKAGE_NAME "wolfssl"
| #define PACKAGE_TARNAME "wolfssl"
| #define PACKAGE_VERSION "4.5.0"
| #define PACKAGE_STRING "wolfssl 4.5.0"
| #define PACKAGE_BUGREPORT "https://github.com/wolfssl/wolfssl/issues"
| #define PACKAGE_URL "https://www.wolfssl.com"
| /* end confdefs.h.  */
| #include <ac_nonexistent.h>
configure:8710: checking for ANSI C header files
configure:8730: gcc -c   conftest.c >&5
configure:8730: $? = 0
configure:8803: gcc -o conftest    conftest.c  >&5
configure:8803: $? = 0
configure:8803: ./conftest
configure:8803: $? = 0
configure:8814: result: yes
configure:8827: checking for sys/types.h
configure:8827: gcc -c   conftest.c >&5
configure:8827: $? = 0
configure:8827: result: yes
configure:8827: checking for sys/stat.h
configure:8827: gcc -c   conftest.c >&5
configure:8827: $? = 0
configure:8827: result: yes
configure:8827: checking for stdlib.h
configure:8827: gcc -c   conftest.c >&5
configure:8827: $? = 0
configure:8827: result: yes
configure:8827: checking for string.h
configure:8827: gcc -c   conftest.c >&5
configure:8827: $? = 0
configure:8827: result: yes
configure:8827: checking for memory.h
configure:8827: gcc -c   conftest.c >&5
configure:8827: $? = 0
configure:8827: result: yes
configure:8827: checking for strings.h
configure:8827: gcc -c   conftest.c >&5
configure:8827: $? = 0
configure:8827: result: yes
configure:8827: checking for inttypes.h
configure:8827: gcc -c   conftest.c >&5
configure:8827: $? = 0
configure:8827: result: yes
configure:8827: checking for stdint.h
configure:8827: gcc -c   conftest.c >&5
configure:8827: $? = 0
configure:8827: result: yes
configure:8827: checking for unistd.h
configure:8827: gcc -c   conftest.c >&5
configure:8827: $? = 0
configure:8827: result: yes
configure:8841: checking for dlfcn.h
configure:8841: gcc -c   conftest.c >&5
configure:8841: $? = 0
configure:8841: result: yes
configure:9394: checking for objdir
configure:9409: result: .libs
configure:9673: checking if gcc supports -fno-rtti -fno-exceptions
configure:9691: gcc -c   -fno-rtti -fno-exceptions conftest.c >&5
cc1: warning: command line option '-fno-rtti' is valid for C++/ObjC++ but not for C
configure:9695: $? = 0
configure:9708: result: no
configure:10066: checking for gcc option to produce PIC
configure:10073: result: -fPIC -DPIC
configure:10081: checking if gcc PIC flag -fPIC -DPIC works
configure:10099: gcc -c   -fPIC -DPIC -DPIC conftest.c >&5
configure:10103: $? = 0
configure:10116: result: yes
configure:10145: checking if gcc static flag -static works
configure:10173: result: yes
configure:10188: checking if gcc supports -c -o file.o
configure:10209: gcc -c   -o out/conftest2.o conftest.c >&5
configure:10213: $? = 0
configure:10235: result: yes
configure:10243: checking if gcc supports -c -o file.o
configure:10290: result: yes
configure:10323: checking whether the gcc linker (/usr/bin/ld -m elf_x86_64) supports shared libraries
configure:11586: result: yes
configure:11623: checking whether -lc should be explicitly linked in
configure:11631: gcc -c   conftest.c >&5
configure:11634: $? = 0
configure:11649: gcc -shared  -fPIC -DPIC conftest.o  -v -Wl,-soname -Wl,conftest -o conftest 2\>\&1 \| /bin/grep  -lc  \>/dev/null 2\>\&1
configure:11652: $? = 0
configure:11666: result: no
configure:11826: checking dynamic linker characteristics
configure:12407: gcc -o conftest    -Wl,-rpath -Wl,/foo conftest.c  >&5
configure:12407: $? = 0
configure:12656: result: GNU/Linux ld.so
configure:12778: checking how to hardcode library paths into programs
configure:12803: result: immediate
configure:13351: checking whether stripping libraries is possible
configure:13356: result: yes
configure:13391: checking if libtool supports shared libraries
configure:13393: result: yes
configure:13396: checking whether to build shared libraries
configure:13421: result: yes
configure:13424: checking whether to build static libraries
configure:13428: result: no
configure:13491: checking whether the -Werror option is usable
configure:13510: gcc -c    -Werror  conftest.c >&5
configure:13510: $? = 0
configure:13519: result: yes
configure:13521: checking for simple visibility declarations
configure:13548: gcc -c    -fvisibility=hidden -Werror  conftest.c >&5
configure:13548: $? = 0
configure:13557: result: yes
configure:13587: checking size of long long
configure:13592: gcc -o conftest      conftest.c  >&5
configure:13592: $? = 0
configure:13592: ./conftest
configure:13592: $? = 0
configure:13606: result: 8
configure:13620: checking size of long
configure:13625: gcc -o conftest      conftest.c  >&5
configure:13625: $? = 0
configure:13625: ./conftest
configure:13625: $? = 0
configure:13639: result: 8
configure:13653: checking size of time_t
configure:13658: gcc -o conftest      conftest.c  >&5
configure:13658: $? = 0
configure:13658: ./conftest
configure:13658: $? = 0
configure:13672: result: 8
configure:13682: checking for __uint128_t
configure:13682: gcc -c     conftest.c >&5
configure:13682: $? = 0
configure:13682: gcc -c     conftest.c >&5
conftest.c: In function 'main':
conftest.c:61:26: error: expected expression before ')' token
 if (sizeof ((__uint128_t)))
                          ^
configure:13682: $? = 1
configure: failed program was:
| /* confdefs.h */
| #define PACKAGE_NAME "wolfssl"
| #define PACKAGE_TARNAME "wolfssl"
| #define PACKAGE_VERSION "4.5.0"
| #define PACKAGE_STRING "wolfssl 4.5.0"
| #define PACKAGE_BUGREPORT "https://github.com/wolfssl/wolfssl/issues"
| #define PACKAGE_URL "https://www.wolfssl.com"
| #define STDC_HEADERS 1
| #define HAVE_SYS_TYPES_H 1
| #define HAVE_SYS_STAT_H 1
| #define HAVE_STDLIB_H 1
| #define HAVE_STRING_H 1
| #define HAVE_MEMORY_H 1
| #define HAVE_STRINGS_H 1
| #define HAVE_INTTYPES_H 1
| #define HAVE_STDINT_H 1
| #define HAVE_UNISTD_H 1
| #define HAVE_DLFCN_H 1
| #define LT_OBJDIR ".libs/"
| #define HAVE_VISIBILITY 1
| #define SIZEOF_LONG_LONG 8
| #define SIZEOF_LONG 8
| #define SIZEOF_TIME_T 8
| /* end confdefs.h.  */
| #include <stdio.h>
| #ifdef HAVE_SYS_TYPES_H
| # include <sys/types.h>
| #endif
| #ifdef HAVE_SYS_STAT_H
| # include <sys/stat.h>
| #endif
| #ifdef STDC_HEADERS
| # include <stdlib.h>
| # include <stddef.h>
| #else
| # ifdef HAVE_STDLIB_H
| #  include <stdlib.h>
| # endif
| #endif
| #ifdef HAVE_STRING_H
| # if !defined STDC_HEADERS && defined HAVE_MEMORY_H
| #  include <memory.h>
| # endif
| # include <string.h>
| #endif
| #ifdef HAVE_STRINGS_H
| # include <strings.h>
| #endif
| #ifdef HAVE_INTTYPES_H
| # include <inttypes.h>
| #endif
| #ifdef HAVE_STDINT_H
| # include <stdint.h>
| #endif
| #ifdef HAVE_UNISTD_H
| # include <unistd.h>
| #endif
| int
| main ()
| {
| if (sizeof ((__uint128_t)))
| 	    return 0;
|   ;
|   return 0;
| }
configure:13682: result: yes
configure:13695: checking for gethostbyname
configure:13695: gcc -o conftest      conftest.c  >&5
configure:13695: $? = 0
configure:13695: result: yes
configure:13695: checking for getaddrinfo
configure:13695: gcc -o conftest      conftest.c  >&5
configure:13695: $? = 0
configure:13695: result: yes
configure:13695: checking for gettimeofday
configure:13695: gcc -o conftest      conftest.c  >&5
configure:13695: $? = 0
configure:13695: result: yes
configure:13695: checking for gmtime_r
configure:13695: gcc -o conftest      conftest.c  >&5
configure:13695: $? = 0
configure:13695: result: yes
configure:13695: checking for inet_ntoa
configure:13695: gcc -o conftest      conftest.c  >&5
configure:13695: $? = 0
configure:13695: result: yes
configure:13695: checking for memset
configure:13695: gcc -o conftest      conftest.c  >&5
conftest.c:54:6: warning: conflicting types for built-in function 'memset' [-Wbuiltin-declaration-mismatch]
 char memset ();
      ^~~~~~
configure:13695: $? = 0
configure:13695: result: yes
configure:13695: checking for socket
configure:13695: gcc -o conftest      conftest.c  >&5
configure:13695: $? = 0
configure:13695: result: yes
configure:13707: checking arpa/inet.h usability
configure:13707: gcc -c     conftest.c >&5
configure:13707: $? = 0
configure:13707: result: yes
configure:13707: checking arpa/inet.h presence
configure:13707: gcc -E  conftest.c
configure:13707: $? = 0
configure:13707: result: yes
configure:13707: checking for arpa/inet.h
configure:13707: result: yes
configure:13707: checking fcntl.h usability
configure:13707: gcc -c     conftest.c >&5
configure:13707: $? = 0
configure:13707: result: yes
configure:13707: checking fcntl.h presence
configure:13707: gcc -E  conftest.c
configure:13707: $? = 0
configure:13707: result: yes
configure:13707: checking for fcntl.h
configure:13707: result: yes
configure:13707: checking limits.h usability
configure:13707: gcc -c     conftest.c >&5
configure:13707: $? = 0
configure:13707: result: yes
configure:13707: checking limits.h presence
configure:13707: gcc -E  conftest.c
configure:13707: $? = 0
configure:13707: result: yes
configure:13707: checking for limits.h
configure:13707: result: yes
configure:13707: checking netdb.h usability
configure:13707: gcc -c     conftest.c >&5
configure:13707: $? = 0
configure:13707: result: yes
configure:13707: checking netdb.h presence
configure:13707: gcc -E  conftest.c
configure:13707: $? = 0
configure:13707: result: yes
configure:13707: checking for netdb.h
configure:13707: result: yes
configure:13707: checking netinet/in.h usability
configure:13707: gcc -c     conftest.c >&5
configure:13707: $? = 0
configure:13707: result: yes
configure:13707: checking netinet/in.h presence
configure:13707: gcc -E  conftest.c
configure:13707: $? = 0
configure:13707: result: yes
configure:13707: checking for netinet/in.h
configure:13707: result: yes
configure:13707: checking stddef.h usability
configure:13707: gcc -c     conftest.c >&5
configure:13707: $? = 0
configure:13707: result: yes
configure:13707: checking stddef.h presence
configure:13707: gcc -E  conftest.c
configure:13707: $? = 0
configure:13707: result: yes
configure:13707: checking for stddef.h
configure:13707: result: yes
configure:13707: checking sys/ioctl.h usability
configure:13707: gcc -c     conftest.c >&5
configure:13707: $? = 0
configure:13707: result: yes
configure:13707: checking sys/ioctl.h presence
configure:13707: gcc -E  conftest.c
configure:13707: $? = 0
configure:13707: result: yes
configure:13707: checking for sys/ioctl.h
configure:13707: result: yes
configure:13707: checking sys/socket.h usability
configure:13707: gcc -c     conftest.c >&5
configure:13707: $? = 0
configure:13707: result: yes
configure:13707: checking sys/socket.h presence
configure:13707: gcc -E  conftest.c
configure:13707: $? = 0
configure:13707: result: yes
configure:13707: checking for sys/socket.h
configure:13707: result: yes
configure:13707: checking sys/time.h usability
configure:13707: gcc -c     conftest.c >&5
configure:13707: $? = 0
configure:13707: result: yes
configure:13707: checking sys/time.h presence
configure:13707: gcc -E  conftest.c
configure:13707: $? = 0
configure:13707: result: yes
configure:13707: checking for sys/time.h
configure:13707: result: yes
configure:13707: checking errno.h usability
configure:13707: gcc -c     conftest.c >&5
configure:13707: $? = 0
configure:13707: result: yes
configure:13707: checking errno.h presence
configure:13707: gcc -E  conftest.c
configure:13707: $? = 0
configure:13707: result: yes
configure:13707: checking for errno.h
configure:13707: result: yes
configure:13717: checking for socket in -lnetwork
configure:13742: gcc -o conftest      conftest.c -lnetwork   >&5
/usr/bin/ld: cannot find -lnetwork
collect2: error: ld returned 1 exit status
configure:13742: $? = 1
configure: failed program was:
| /* confdefs.h */
| #define PACKAGE_NAME "wolfssl"
| #define PACKAGE_TARNAME "wolfssl"
| #define PACKAGE_VERSION "4.5.0"
| #define PACKAGE_STRING "wolfssl 4.5.0"
| #define PACKAGE_BUGREPORT "https://github.com/wolfssl/wolfssl/issues"
| #define PACKAGE_URL "https://www.wolfssl.com"
| #define STDC_HEADERS 1
| #define HAVE_SYS_TYPES_H 1
| #define HAVE_SYS_STAT_H 1
| #define HAVE_STDLIB_H 1
| #define HAVE_STRING_H 1
| #define HAVE_MEMORY_H 1
| #define HAVE_STRINGS_H 1
| #define HAVE_INTTYPES_H 1
| #define HAVE_STDINT_H 1
| #define HAVE_UNISTD_H 1
| #define HAVE_DLFCN_H 1
| #define LT_OBJDIR ".libs/"
| #define HAVE_VISIBILITY 1
| #define SIZEOF_LONG_LONG 8
| #define SIZEOF_LONG 8
| #define SIZEOF_TIME_T 8
| #define HAVE___UINT128_T 1
| #define HAVE_GETHOSTBYNAME 1
| #define HAVE_GETADDRINFO 1
| #define HAVE_GETTIMEOFDAY 1
| #define HAVE_GMTIME_R 1
| #define HAVE_INET_NTOA 1
| #define HAVE_MEMSET 1
| #define HAVE_SOCKET 1
| #define HAVE_ARPA_INET_H 1
| #define HAVE_FCNTL_H 1
| #define HAVE_LIMITS_H 1
| #define HAVE_NETDB_H 1
| #define HAVE_NETINET_IN_H 1
| #define HAVE_STDDEF_H 1
| #define HAVE_SYS_IOCTL_H 1
| #define HAVE_SYS_SOCKET_H 1
| #define HAVE_SYS_TIME_H 1
| #define HAVE_ERRNO_H 1
| /* end confdefs.h.  */
| 
| /* Override any GCC internal prototype to avoid an error.
|    Use char because int might match the return type of a GCC
|    builtin and then its argument prototype would still apply.  */
| #ifdef __cplusplus
| extern "C"
| #endif
| char socket ();
| int
| main ()
| {
| return socket ();
|   ;
|   return 0;
| }
configure:13751: result: no
configure:13762: checking whether byte ordering is bigendian
configure:13777: gcc -c     conftest.c >&5
conftest.c:44:9: error: unknown type name 'not'
         not a universal capable compiler
         ^~~
conftest.c:44:15: error: expected '=', ',', ';', 'asm' or '__attribute__' before 'universal'
         not a universal capable compiler
               ^~~~~~~~~
conftest.c:44:15: error: unknown type name 'universal'
configure:13777: $? = 1
configure: failed program was:
| /* confdefs.h */
| #define PACKAGE_NAME "wolfssl"
| #define PACKAGE_TARNAME "wolfssl"
| #define PACKAGE_VERSION "4.5.0"
| #define PACKAGE_STRING "wolfssl 4.5.0"
| #define PACKAGE_BUGREPORT "https://github.com/wolfssl/wolfssl/issues"
| #define PACKAGE_URL "https://www.wolfssl.com"
| #define STDC_HEADERS 1
| #define HAVE_SYS_TYPES_H 1
| #define HAVE_SYS_STAT_H 1
| #define HAVE_STDLIB_H 1
| #define HAVE_STRING_H 1
| #define HAVE_MEMORY_H 1
| #define HAVE_STRINGS_H 1
| #define HAVE_INTTYPES_H 1
| #define HAVE_STDINT_H 1
| #define HAVE_UNISTD_H 1
| #define HAVE_DLFCN_H 1
| #define LT_OBJDIR ".libs/"
| #define HAVE_VISIBILITY 1
| #define SIZEOF_LONG_LONG 8
| #define SIZEOF_LONG 8
| #define SIZEOF_TIME_T 8
| #define HAVE___UINT128_T 1
| #define HAVE_GETHOSTBYNAME 1
| #define HAVE_GETADDRINFO 1
| #define HAVE_GETTIMEOFDAY 1
| #define HAVE_GMTIME_R 1
| #define HAVE_INET_NTOA 1
| #define HAVE_MEMSET 1
| #define HAVE_SOCKET 1
| #define HAVE_ARPA_INET_H 1
| #define HAVE_FCNTL_H 1
| #define HAVE_LIMITS_H 1
| #define HAVE_NETDB_H 1
| #define HAVE_NETINET_IN_H 1
| #define HAVE_STDDEF_H 1
| #define HAVE_SYS_IOCTL_H 1
| #define HAVE_SYS_SOCKET_H 1
| #define HAVE_SYS_TIME_H 1
| #define HAVE_ERRNO_H 1
| /* end confdefs.h.  */
| #ifndef __APPLE_CC__
| 	       not a universal capable compiler
| 	     #endif
| 	     typedef int dummy;
| 
configure:13822: gcc -c     conftest.c >&5
configure:13822: $? = 0
configure:13840: gcc -c     conftest.c >&5
conftest.c: In function 'main':
conftest.c:50:4: error: unknown type name 'not'; did you mean 'ino_t'?
    not big endian
    ^~~
    ino_t
conftest.c:50:12: error: expected '=', ',', ';', 'asm' or '__attribute__' before 'endian'
    not big endian
            ^~~~~~
configure:13840: $? = 1
configure: failed program was:
| /* confdefs.h */
| #define PACKAGE_NAME "wolfssl"
| #define PACKAGE_TARNAME "wolfssl"
| #define PACKAGE_VERSION "4.5.0"
| #define PACKAGE_STRING "wolfssl 4.5.0"
| #define PACKAGE_BUGREPORT "https://github.com/wolfssl/wolfssl/issues"
| #define PACKAGE_URL "https://www.wolfssl.com"
| #define STDC_HEADERS 1
| #define HAVE_SYS_TYPES_H 1
| #define HAVE_SYS_STAT_H 1
| #define HAVE_STDLIB_H 1
| #define HAVE_STRING_H 1
| #define HAVE_MEMORY_H 1
| #define HAVE_STRINGS_H 1
| #define HAVE_INTTYPES_H 1
| #define HAVE_STDINT_H 1
| #define HAVE_UNISTD_H 1
| #define HAVE_DLFCN_H 1
| #define LT_OBJDIR ".libs/"
| #define HAVE_VISIBILITY 1
| #define SIZEOF_LONG_LONG 8
| #define SIZEOF_LONG 8
| #define SIZEOF_TIME_T 8
| #define HAVE___UINT128_T 1
| #define HAVE_GETHOSTBYNAME 1
| #define HAVE_GETADDRINFO 1
| #define HAVE_GETTIMEOFDAY 1
| #define HAVE_GMTIME_R 1
| #define HAVE_INET_NTOA 1
| #define HAVE_MEMSET 1
| #define HAVE_SOCKET 1
| #define HAVE_ARPA_INET_H 1
| #define HAVE_FCNTL_H 1
| #define HAVE_LIMITS_H 1
| #define HAVE_NETDB_H 1
| #define HAVE_NETINET_IN_H 1
| #define HAVE_STDDEF_H 1
| #define HAVE_SYS_IOCTL_H 1
| #define HAVE_SYS_SOCKET_H 1
| #define HAVE_SYS_TIME_H 1
| #define HAVE_ERRNO_H 1
| /* end confdefs.h.  */
| #include <sys/types.h>
| 		#include <sys/param.h>
| 
| int
| main ()
| {
| #if BYTE_ORDER != BIG_ENDIAN
| 		 not big endian
| 		#endif
| 
|   ;
|   return 0;
| }
configure:13968: result: no
configure:13988: checking for size_t
configure:13988: gcc -c     conftest.c >&5
configure:13988: $? = 0
configure:13988: gcc -c     conftest.c >&5
conftest.c: In function 'main':
conftest.c:79:21: error: expected expression before ')' token
 if (sizeof ((size_t)))
                     ^
configure:13988: $? = 1
configure: failed program was:
| /* confdefs.h */
| #define PACKAGE_NAME "wolfssl"
| #define PACKAGE_TARNAME "wolfssl"
| #define PACKAGE_VERSION "4.5.0"
| #define PACKAGE_STRING "wolfssl 4.5.0"
| #define PACKAGE_BUGREPORT "https://github.com/wolfssl/wolfssl/issues"
| #define PACKAGE_URL "https://www.wolfssl.com"
| #define STDC_HEADERS 1
| #define HAVE_SYS_TYPES_H 1
| #define HAVE_SYS_STAT_H 1
| #define HAVE_STDLIB_H 1
| #define HAVE_STRING_H 1
| #define HAVE_MEMORY_H 1
| #define HAVE_STRINGS_H 1
| #define HAVE_INTTYPES_H 1
| #define HAVE_STDINT_H 1
| #define HAVE_UNISTD_H 1
| #define HAVE_DLFCN_H 1
| #define LT_OBJDIR ".libs/"
| #define HAVE_VISIBILITY 1
| #define SIZEOF_LONG_LONG 8
| #define SIZEOF_LONG 8
| #define SIZEOF_TIME_T 8
| #define HAVE___UINT128_T 1
| #define HAVE_GETHOSTBYNAME 1
| #define HAVE_GETADDRINFO 1
| #define HAVE_GETTIMEOFDAY 1
| #define HAVE_GMTIME_R 1
| #define HAVE_INET_NTOA 1
| #define HAVE_MEMSET 1
| #define HAVE_SOCKET 1
| #define HAVE_ARPA_INET_H 1
| #define HAVE_FCNTL_H 1
| #define HAVE_LIMITS_H 1
| #define HAVE_NETDB_H 1
| #define HAVE_NETINET_IN_H 1
| #define HAVE_STDDEF_H 1
| #define HAVE_SYS_IOCTL_H 1
| #define HAVE_SYS_SOCKET_H 1
| #define HAVE_SYS_TIME_H 1
| #define HAVE_ERRNO_H 1
| /* end confdefs.h.  */
| #include <stdio.h>
| #ifdef HAVE_SYS_TYPES_H
| # include <sys/types.h>
| #endif
| #ifdef HAVE_SYS_STAT_H
| # include <sys/stat.h>
| #endif
| #ifdef STDC_HEADERS
| # include <stdlib.h>
| # include <stddef.h>
| #else
| # ifdef HAVE_STDLIB_H
| #  include <stdlib.h>
| # endif
| #endif
| #ifdef HAVE_STRING_H
| # if !defined STDC_HEADERS && defined HAVE_MEMORY_H
| #  include <memory.h>
| # endif
| # include <string.h>
| #endif
| #ifdef HAVE_STRINGS_H
| # include <strings.h>
| #endif
| #ifdef HAVE_INTTYPES_H
| # include <inttypes.h>
| #endif
| #ifdef HAVE_STDINT_H
| # include <stdint.h>
| #endif
| #ifdef HAVE_UNISTD_H
| # include <unistd.h>
| #endif
| int
| main ()
| {
| if (sizeof ((size_t)))
| 	    return 0;
|   ;
|   return 0;
| }
configure:13988: result: yes
configure:13999: checking for uint8_t
configure:13999: gcc -c     conftest.c >&5
configure:13999: $? = 0
configure:13999: result: yes
configure:14022: checking dependency style of gcc
configure:14131: result: gcc3
configure:14234: checking for cos in -lm
configure:14259: gcc -o conftest      conftest.c -lm   >&5
conftest.c:50:6: warning: conflicting types for built-in function 'cos' [-Wbuiltin-declaration-mismatch]
 char cos ();
      ^~~
configure:14259: $? = 0
configure:14268: result: yes
configure:14288: checking for thread local storage (TLS) class
configure:14316: gcc -c     conftest.c >&5
configure:14316: $? = 0
configure:14328: result: __thread
configure:14367: checking for debug
configure:14369: result: no
configure:14789: checking whether gcc is Clang
configure:14814: result: no
configure:14937: checking whether pthreads work with -pthread
configure:15028: gcc -o conftest    -pthread   conftest.c   >&5
configure:15028: $? = 0
configure:15037: result: yes
configure:15056: checking for joinable pthread attribute
configure:15074: gcc -o conftest    -pthread   conftest.c   >&5
configure:15074: $? = 0
configure:15082: result: PTHREAD_CREATE_JOINABLE
configure:15096: checking whether more special flags are required for pthreads
configure:15109: result: no
configure:15117: checking for PTHREAD_PRIO_INHERIT
configure:15133: gcc -o conftest    -pthread   conftest.c   >&5
configure:15133: $? = 0
configure:15142: result: yes
configure:21093: checking for fast RSA
configure:21108: result: no
configure:22343: checking for library containing gethostbyname
configure:22374: gcc -o conftest      conftest.c   >&5
configure:22374: $? = 0
configure:22391: result: none required
configure:22399: checking for library containing socket
configure:22430: gcc -o conftest      conftest.c   >&5
configure:22430: $? = 0
configure:22447: result: none required
configure:22498: checking for vcs system
configure:22518: result: git
configure:22527: checking for vcs checkout
configure:22539: result: yes
configure:22570: checking whether the linker accepts -Werror
configure:22589: gcc -o conftest       -Werror conftest.c   >&5
configure:22589: $? = 0
configure:22598: result: yes
configure:22653: checking whether the linker accepts -z relro -z now
configure:22672: gcc -o conftest       -z relro -z now conftest.c   >&5
configure:22672: $? = 0
configure:22682: result: yes
configure:22694: checking whether the linker accepts -pie
configure:22713: gcc -o conftest       -pie conftest.c   >&5
configure:22713: $? = 0
configure:22723: result: yes
configure:22758: checking whether C compiler accepts -Werror
configure:22777: gcc -c     -Werror  conftest.c >&5
configure:22777: $? = 0
configure:22786: result: yes
configure:22802: : CFLAGS="$CFLAGS"
configure:22805: $? = 0
configure:23145: checking whether C compiler accepts -Wno-pragmas
configure:23164: gcc -c    -Werror  -Wno-pragmas  conftest.c >&5
configure:23164: $? = 0
configure:23173: result: yes
configure:23189: : CFLAGS="$CFLAGS"
configure:23192: $? = 0
configure:23221: checking whether C compiler accepts -Wall
configure:23240: gcc -c    -Werror -Wno-pragmas  -Wall  conftest.c >&5
configure:23240: $? = 0
configure:23249: result: yes
configure:23265: : CFLAGS="$CFLAGS"
configure:23268: $? = 0
configure:23296: checking whether C compiler accepts -Wno-strict-aliasing
configure:23315: gcc -c    -Werror -Wno-pragmas -Wall  -Wno-strict-aliasing  conftest.c >&5
configure:23315: $? = 0
configure:23324: result: yes
configure:23340: : CFLAGS="$CFLAGS"
configure:23343: $? = 0
configure:23371: checking whether C compiler accepts -Wextra
configure:23390: gcc -c    -Werror -Wno-pragmas -Wall -Wno-strict-aliasing  -Wextra  conftest.c >&5
configure:23390: $? = 0
configure:23399: result: yes
configure:23415: : CFLAGS="$CFLAGS"
configure:23418: $? = 0
configure:23446: checking whether C compiler accepts -Wunknown-pragmas
configure:23465: gcc -c    -Werror -Wno-pragmas -Wall -Wno-strict-aliasing -Wextra  -Wunknown-pragmas  conftest.c >&5
configure:23465: $? = 0
configure:23474: result: yes
configure:23490: : CFLAGS="$CFLAGS"
configure:23493: $? = 0
configure:23521: checking whether C compiler accepts -Wthis-test-should-fail
configure:23540: gcc -c    -Werror -Wno-pragmas -Wall -Wno-strict-aliasing -Wextra -Wunknown-pragmas  -Wthis-test-should-fail  conftest.c >&5
gcc: error: unrecognized command line option '-Wthis-test-should-fail'
configure:23540: $? = 1
configure: failed program was:
| /* confdefs.h */
| #define PACKAGE_NAME "wolfssl"
| #define PACKAGE_TARNAME "wolfssl"
| #define PACKAGE_VERSION "4.5.0"
| #define PACKAGE_STRING "wolfssl 4.5.0"
| #define PACKAGE_BUGREPORT "https://github.com/wolfssl/wolfssl/issues"
| #define PACKAGE_URL "https://www.wolfssl.com"
| #define STDC_HEADERS 1
| #define HAVE_SYS_TYPES_H 1
| #define HAVE_SYS_STAT_H 1
| #define HAVE_STDLIB_H 1
| #define HAVE_STRING_H 1
| #define HAVE_MEMORY_H 1
| #define HAVE_STRINGS_H 1
| #define HAVE_INTTYPES_H 1
| #define HAVE_STDINT_H 1
| #define HAVE_UNISTD_H 1
| #define HAVE_DLFCN_H 1
| #define LT_OBJDIR ".libs/"
| #define HAVE_VISIBILITY 1
| #define SIZEOF_LONG_LONG 8
| #define SIZEOF_LONG 8
| #define SIZEOF_TIME_T 8
| #define HAVE___UINT128_T 1
| #define HAVE_GETHOSTBYNAME 1
| #define HAVE_GETADDRINFO 1
| #define HAVE_GETTIMEOFDAY 1
| #define HAVE_GMTIME_R 1
| #define HAVE_INET_NTOA 1
| #define HAVE_MEMSET 1
| #define HAVE_SOCKET 1
| #define HAVE_ARPA_INET_H 1
| #define HAVE_FCNTL_H 1
| #define HAVE_LIMITS_H 1
| #define HAVE_NETDB_H 1
| #define HAVE_NETINET_IN_H 1
| #define HAVE_STDDEF_H 1
| #define HAVE_SYS_IOCTL_H 1
| #define HAVE_SYS_SOCKET_H 1
| #define HAVE_SYS_TIME_H 1
| #define HAVE_ERRNO_H 1
| #define TLS __thread
| #define DEBUG 0
| #define HAVE_PTHREAD_PRIO_INHERIT 1
| #define HAVE_PTHREAD 1
| #define BUILD_USER_RSA /**/
| #define VCS_SYSTEM "git"
| #define VCS_CHECKOUT 1
| /* end confdefs.h.  */
| 
| int
| main ()
| {
| 
|   ;
|   return 0;
| }
configure:23549: result: no
configure:23600: checking whether C compiler accepts --param=ssp-buffer-size=1
configure:23619: gcc -c    -Werror -Wno-pragmas -Wall -Wno-strict-aliasing -Wextra -Wunknown-pragmas  --param=ssp-buffer-size=1  conftest.c >&5
configure:23619: $? = 0
configure:23628: result: yes
configure:23644: : CFLAGS="$CFLAGS"
configure:23647: $? = 0
configure:23677: checking whether C compiler accepts -Waddress
configure:23696: gcc -c    -Werror -Wno-pragmas -Wall -Wno-strict-aliasing -Wextra -Wunknown-pragmas --param=ssp-buffer-size=1  -Waddress  conftest.c >&5
configure:23696: $? = 0
configure:23705: result: yes
configure:23721: : CFLAGS="$CFLAGS"
configure:23724: $? = 0
configure:23752: checking whether C compiler accepts -Warray-bounds
configure:23771: gcc -c    -Werror -Wno-pragmas -Wall -Wno-strict-aliasing -Wextra -Wunknown-pragmas --param=ssp-buffer-size=1 -Waddress  -Warray-bounds  conftest.c >&5
configure:23771: $? = 0
configure:23780: result: yes
configure:23796: : CFLAGS="$CFLAGS"
configure:23799: $? = 0
configure:23827: checking whether C compiler accepts -Wbad-function-cast
configure:23846: gcc -c    -Werror -Wno-pragmas -Wall -Wno-strict-aliasing -Wextra -Wunknown-pragmas --param=ssp-buffer-size=1 -Waddress -Warray-bounds  -Wbad-function-cast  conftest.c >&5
configure:23846: $? = 0
configure:23855: result: yes
configure:23871: : CFLAGS="$CFLAGS"
configure:23874: $? = 0
configure:23902: checking whether C compiler accepts -Wchar-subscripts
configure:23921: gcc -c    -Werror -Wno-pragmas -Wall -Wno-strict-aliasing -Wextra -Wunknown-pragmas --param=ssp-buffer-size=1 -Waddress -Warray-bounds -Wbad-function-cast  -Wchar-subscripts  conftest.c >&5
configure:23921: $? = 0
configure:23930: result: yes
configure:23946: : CFLAGS="$CFLAGS"
configure:23949: $? = 0
configure:23977: checking whether C compiler accepts -Wcomment
configure:23996: gcc -c    -Werror -Wno-pragmas -Wall -Wno-strict-aliasing -Wextra -Wunknown-pragmas --param=ssp-buffer-size=1 -Waddress -Warray-bounds -Wbad-function-cast -Wchar-subscripts  -Wcomment  conftest.c >&5
configure:23996: $? = 0
configure:24005: result: yes
configure:24021: : CFLAGS="$CFLAGS"
configure:24024: $? = 0
configure:24052: checking whether C compiler accepts -Wfloat-equal
configure:24071: gcc -c    -Werror -Wno-pragmas -Wall -Wno-strict-aliasing -Wextra -Wunknown-pragmas --param=ssp-buffer-size=1 -Waddress -Warray-bounds -Wbad-function-cast -Wchar-subscripts -Wcomment  -Wfloat-equal  conftest.c >&5
configure:24071: $? = 0
configure:24080: result: yes
configure:24096: : CFLAGS="$CFLAGS"
configure:24099: $? = 0
configure:24127: checking whether C compiler accepts -Wformat-security
configure:24146: gcc -c    -Werror -Wno-pragmas -Wall -Wno-strict-aliasing -Wextra -Wunknown-pragmas --param=ssp-buffer-size=1 -Waddress -Warray-bounds -Wbad-function-cast -Wchar-subscripts -Wcomment -Wfloat-equal  -Wformat-security  conftest.c >&5
configure:24146: $? = 0
configure:24155: result: yes
configure:24171: : CFLAGS="$CFLAGS"
configure:24174: $? = 0
configure:24202: checking whether C compiler accepts -Wformat=2
configure:24221: gcc -c    -Werror -Wno-pragmas -Wall -Wno-strict-aliasing -Wextra -Wunknown-pragmas --param=ssp-buffer-size=1 -Waddress -Warray-bounds -Wbad-function-cast -Wchar-subscripts -Wcomment -Wfloat-equal -Wformat-security  -Wformat=2  conftest.c >&5
configure:24221: $? = 0
configure:24230: result: yes
configure:24246: : CFLAGS="$CFLAGS"
configure:24249: $? = 0
configure:24277: checking whether C compiler accepts -Wmaybe-uninitialized
configure:24296: gcc -c    -Werror -Wno-pragmas -Wall -Wno-strict-aliasing -Wextra -Wunknown-pragmas --param=ssp-buffer-size=1 -Waddress -Warray-bounds -Wbad-function-cast -Wchar-subscripts -Wcomment -Wfloat-equal -Wformat-security -Wformat=2  -Wmaybe-uninitialized  conftest.c >&5
configure:24296: $? = 0
configure:24305: result: yes
configure:24321: : CFLAGS="$CFLAGS"
configure:24324: $? = 0
configure:24352: checking whether C compiler accepts -Wmissing-field-initializers
configure:24371: gcc -c    -Werror -Wno-pragmas -Wall -Wno-strict-aliasing -Wextra -Wunknown-pragmas --param=ssp-buffer-size=1 -Waddress -Warray-bounds -Wbad-function-cast -Wchar-subscripts -Wcomment -Wfloat-equal -Wformat-security -Wformat=2 -Wmaybe-uninitialized  -Wmissing-field-initializers  conftest.c >&5
configure:24371: $? = 0
configure:24380: result: yes
configure:24396: : CFLAGS="$CFLAGS"
configure:24399: $? = 0
configure:24427: checking whether C compiler accepts -Wmissing-noreturn
configure:24446: gcc -c    -Werror -Wno-pragmas -Wall -Wno-strict-aliasing -Wextra -Wunknown-pragmas --param=ssp-buffer-size=1 -Waddress -Warray-bounds -Wbad-function-cast -Wchar-subscripts -Wcomment -Wfloat-equal -Wformat-security -Wformat=2 -Wmaybe-uninitialized -Wmissing-field-initializers  -Wmissing-noreturn  conftest.c >&5
configure:24446: $? = 0
configure:24455: result: yes
configure:24471: : CFLAGS="$CFLAGS"
configure:24474: $? = 0
configure:24502: checking whether C compiler accepts -Wmissing-prototypes
configure:24521: gcc -c    -Werror -Wno-pragmas -Wall -Wno-strict-aliasing -Wextra -Wunknown-pragmas --param=ssp-buffer-size=1 -Waddress -Warray-bounds -Wbad-function-cast -Wchar-subscripts -Wcomment -Wfloat-equal -Wformat-security -Wformat=2 -Wmaybe-uninitialized -Wmissing-field-initializers -Wmissing-noreturn  -Wmissing-prototypes  conftest.c >&5
configure:24521: $? = 0
configure:24530: result: yes
configure:24546: : CFLAGS="$CFLAGS"
configure:24549: $? = 0
configure:24577: checking whether C compiler accepts -Wnested-externs
configure:24596: gcc -c    -Werror -Wno-pragmas -Wall -Wno-strict-aliasing -Wextra -Wunknown-pragmas --param=ssp-buffer-size=1 -Waddress -Warray-bounds -Wbad-function-cast -Wchar-subscripts -Wcomment -Wfloat-equal -Wformat-security -Wformat=2 -Wmaybe-uninitialized -Wmissing-field-initializers -Wmissing-noreturn -Wmissing-prototypes  -Wnested-externs  conftest.c >&5
configure:24596: $? = 0
configure:24605: result: yes
configure:24621: : CFLAGS="$CFLAGS"
configure:24624: $? = 0
configure:24652: checking whether C compiler accepts -Wnormalized=id
configure:24671: gcc -c    -Werror -Wno-pragmas -Wall -Wno-strict-aliasing -Wextra -Wunknown-pragmas --param=ssp-buffer-size=1 -Waddress -Warray-bounds -Wbad-function-cast -Wchar-subscripts -Wcomment -Wfloat-equal -Wformat-security -Wformat=2 -Wmaybe-uninitialized -Wmissing-field-initializers -Wmissing-noreturn -Wmissing-prototypes -Wnested-externs  -Wnormalized=id  conftest.c >&5
configure:24671: $? = 0
configure:24680: result: yes
configure:24696: : CFLAGS="$CFLAGS"
configure:24699: $? = 0
configure:24727: checking whether C compiler accepts -Woverride-init
configure:24746: gcc -c    -Werror -Wno-pragmas -Wall -Wno-strict-aliasing -Wextra -Wunknown-pragmas --param=ssp-buffer-size=1 -Waddress -Warray-bounds -Wbad-function-cast -Wchar-subscripts -Wcomment -Wfloat-equal -Wformat-security -Wformat=2 -Wmaybe-uninitialized -Wmissing-field-initializers -Wmissing-noreturn -Wmissing-prototypes -Wnested-externs -Wnormalized=id  -Woverride-init  conftest.c >&5
configure:24746: $? = 0
configure:24755: result: yes
configure:24771: : CFLAGS="$CFLAGS"
configure:24774: $? = 0
configure:24802: checking whether C compiler accepts -Wpointer-arith
configure:24821: gcc -c    -Werror -Wno-pragmas -Wall -Wno-strict-aliasing -Wextra -Wunknown-pragmas --param=ssp-buffer-size=1 -Waddress -Warray-bounds -Wbad-function-cast -Wchar-subscripts -Wcomment -Wfloat-equal -Wformat-security -Wformat=2 -Wmaybe-uninitialized -Wmissing-field-initializers -Wmissing-noreturn -Wmissing-prototypes -Wnested-externs -Wnormalized=id -Woverride-init  -Wpointer-arith  conftest.c >&5
configure:24821: $? = 0
configure:24830: result: yes
configure:24846: : CFLAGS="$CFLAGS"
configure:24849: $? = 0
configure:24877: checking whether C compiler accepts -Wpointer-sign
configure:24896: gcc -c    -Werror -Wno-pragmas -Wall -Wno-strict-aliasing -Wextra -Wunknown-pragmas --param=ssp-buffer-size=1 -Waddress -Warray-bounds -Wbad-function-cast -Wchar-subscripts -Wcomment -Wfloat-equal -Wformat-security -Wformat=2 -Wmaybe-uninitialized -Wmissing-field-initializers -Wmissing-noreturn -Wmissing-prototypes -Wnested-externs -Wnormalized=id -Woverride-init -Wpointer-arith  -Wpointer-sign  conftest.c >&5
configure:24896: $? = 0
configure:24905: result: yes
configure:24921: : CFLAGS="$CFLAGS"
configure:24924: $? = 0
configure:24952: checking whether C compiler accepts -Wredundant-decls
configure:24971: gcc -c    -Werror -Wno-pragmas -Wall -Wno-strict-aliasing -Wextra -Wunknown-pragmas --param=ssp-buffer-size=1 -Waddress -Warray-bounds -Wbad-function-cast -Wchar-subscripts -Wcomment -Wfloat-equal -Wformat-security -Wformat=2 -Wmaybe-uninitialized -Wmissing-field-initializers -Wmissing-noreturn -Wmissing-prototypes -Wnested-externs -Wnormalized=id -Woverride-init -Wpointer-arith -Wpointer-sign  -Wredundant-decls  conftest.c >&5
configure:24971: $? = 0
configure:24980: result: yes
configure:24996: : CFLAGS="$CFLAGS"
configure:24999: $? = 0
configure:25027: checking whether C compiler accepts -Wshadow
configure:25046: gcc -c    -Werror -Wno-pragmas -Wall -Wno-strict-aliasing -Wextra -Wunknown-pragmas --param=ssp-buffer-size=1 -Waddress -Warray-bounds -Wbad-function-cast -Wchar-subscripts -Wcomment -Wfloat-equal -Wformat-security -Wformat=2 -Wmaybe-uninitialized -Wmissing-field-initializers -Wmissing-noreturn -Wmissing-prototypes -Wnested-externs -Wnormalized=id -Woverride-init -Wpointer-arith -Wpointer-sign -Wredundant-decls  -Wshadow  conftest.c >&5
configure:25046: $? = 0
configure:25055: result: yes
configure:25071: : CFLAGS="$CFLAGS"
configure:25074: $? = 0
configure:25102: checking whether C compiler accepts -Wshorten-64-to-32
configure:25121: gcc -c    -Werror -Wno-pragmas -Wall -Wno-strict-aliasing -Wextra -Wunknown-pragmas --param=ssp-buffer-size=1 -Waddress -Warray-bounds -Wbad-function-cast -Wchar-subscripts -Wcomment -Wfloat-equal -Wformat-security -Wformat=2 -Wmaybe-uninitialized -Wmissing-field-initializers -Wmissing-noreturn -Wmissing-prototypes -Wnested-externs -Wnormalized=id -Woverride-init -Wpointer-arith -Wpointer-sign -Wredundant-decls -Wshadow  -Wshorten-64-to-32  conftest.c >&5
gcc: error: unrecognized command line option '-Wshorten-64-to-32'
configure:25121: $? = 1
configure: failed program was:
| /* confdefs.h */
| #define PACKAGE_NAME "wolfssl"
| #define PACKAGE_TARNAME "wolfssl"
| #define PACKAGE_VERSION "4.5.0"
| #define PACKAGE_STRING "wolfssl 4.5.0"
| #define PACKAGE_BUGREPORT "https://github.com/wolfssl/wolfssl/issues"
| #define PACKAGE_URL "https://www.wolfssl.com"
| #define STDC_HEADERS 1
| #define HAVE_SYS_TYPES_H 1
| #define HAVE_SYS_STAT_H 1
| #define HAVE_STDLIB_H 1
| #define HAVE_STRING_H 1
| #define HAVE_MEMORY_H 1
| #define HAVE_STRINGS_H 1
| #define HAVE_INTTYPES_H 1
| #define HAVE_STDINT_H 1
| #define HAVE_UNISTD_H 1
| #define HAVE_DLFCN_H 1
| #define LT_OBJDIR ".libs/"
| #define HAVE_VISIBILITY 1
| #define SIZEOF_LONG_LONG 8
| #define SIZEOF_LONG 8
| #define SIZEOF_TIME_T 8
| #define HAVE___UINT128_T 1
| #define HAVE_GETHOSTBYNAME 1
| #define HAVE_GETADDRINFO 1
| #define HAVE_GETTIMEOFDAY 1
| #define HAVE_GMTIME_R 1
| #define HAVE_INET_NTOA 1
| #define HAVE_MEMSET 1
| #define HAVE_SOCKET 1
| #define HAVE_ARPA_INET_H 1
| #define HAVE_FCNTL_H 1
| #define HAVE_LIMITS_H 1
| #define HAVE_NETDB_H 1
| #define HAVE_NETINET_IN_H 1
| #define HAVE_STDDEF_H 1
| #define HAVE_SYS_IOCTL_H 1
| #define HAVE_SYS_SOCKET_H 1
| #define HAVE_SYS_TIME_H 1
| #define HAVE_ERRNO_H 1
| #define TLS __thread
| #define DEBUG 0
| #define HAVE_PTHREAD_PRIO_INHERIT 1
| #define HAVE_PTHREAD 1
| #define BUILD_USER_RSA /**/
| #define VCS_SYSTEM "git"
| #define VCS_CHECKOUT 1
| /* end confdefs.h.  */
| 
| int
| main ()
| {
| 
|   ;
|   return 0;
| }
configure:25130: result: no
configure:25177: checking whether C compiler accepts -Wsign-compare
configure:25196: gcc -c    -Werror -Wno-pragmas -Wall -Wno-strict-aliasing -Wextra -Wunknown-pragmas --param=ssp-buffer-size=1 -Waddress -Warray-bounds -Wbad-function-cast -Wchar-subscripts -Wcomment -Wfloat-equal -Wformat-security -Wformat=2 -Wmaybe-uninitialized -Wmissing-field-initializers -Wmissing-noreturn -Wmissing-prototypes -Wnested-externs -Wnormalized=id -Woverride-init -Wpointer-arith -Wpointer-sign -Wredundant-decls -Wshadow  -Wsign-compare  conftest.c >&5
configure:25196: $? = 0
configure:25205: result: yes
configure:25221: : CFLAGS="$CFLAGS"
configure:25224: $? = 0
configure:25252: checking whether C compiler accepts -Wstrict-overflow=1
configure:25271: gcc -c    -Werror -Wno-pragmas -Wall -Wno-strict-aliasing -Wextra -Wunknown-pragmas --param=ssp-buffer-size=1 -Waddress -Warray-bounds -Wbad-function-cast -Wchar-subscripts -Wcomment -Wfloat-equal -Wformat-security -Wformat=2 -Wmaybe-uninitialized -Wmissing-field-initializers -Wmissing-noreturn -Wmissing-prototypes -Wnested-externs -Wnormalized=id -Woverride-init -Wpointer-arith -Wpointer-sign -Wredundant-decls -Wshadow -Wsign-compare  -Wstrict-overflow=1  conftest.c >&5
configure:25271: $? = 0
configure:25280: result: yes
configure:25296: : CFLAGS="$CFLAGS"
configure:25299: $? = 0
configure:25327: checking whether C compiler accepts -Wstrict-prototypes
configure:25346: gcc -c    -Werror -Wno-pragmas -Wall -Wno-strict-aliasing -Wextra -Wunknown-pragmas --param=ssp-buffer-size=1 -Waddress -Warray-bounds -Wbad-function-cast -Wchar-subscripts -Wcomment -Wfloat-equal -Wformat-security -Wformat=2 -Wmaybe-uninitialized -Wmissing-field-initializers -Wmissing-noreturn -Wmissing-prototypes -Wnested-externs -Wnormalized=id -Woverride-init -Wpointer-arith -Wpointer-sign -Wredundant-decls -Wshadow -Wsign-compare -Wstrict-overflow=1  -Wstrict-prototypes  conftest.c >&5
conftest.c:52:1: error: function declaration isn't a prototype [-Werror=strict-prototypes]
 main ()
 ^~~~
cc1: all warnings being treated as errors
configure:25346: $? = 1
configure: failed program was:
| /* confdefs.h */
| #define PACKAGE_NAME "wolfssl"
| #define PACKAGE_TARNAME "wolfssl"
| #define PACKAGE_VERSION "4.5.0"
| #define PACKAGE_STRING "wolfssl 4.5.0"
| #define PACKAGE_BUGREPORT "https://github.com/wolfssl/wolfssl/issues"
| #define PACKAGE_URL "https://www.wolfssl.com"
| #define STDC_HEADERS 1
| #define HAVE_SYS_TYPES_H 1
| #define HAVE_SYS_STAT_H 1
| #define HAVE_STDLIB_H 1
| #define HAVE_STRING_H 1
| #define HAVE_MEMORY_H 1
| #define HAVE_STRINGS_H 1
| #define HAVE_INTTYPES_H 1
| #define HAVE_STDINT_H 1
| #define HAVE_UNISTD_H 1
| #define HAVE_DLFCN_H 1
| #define LT_OBJDIR ".libs/"
| #define HAVE_VISIBILITY 1
| #define SIZEOF_LONG_LONG 8
| #define SIZEOF_LONG 8
| #define SIZEOF_TIME_T 8
| #define HAVE___UINT128_T 1
| #define HAVE_GETHOSTBYNAME 1
| #define HAVE_GETADDRINFO 1
| #define HAVE_GETTIMEOFDAY 1
| #define HAVE_GMTIME_R 1
| #define HAVE_INET_NTOA 1
| #define HAVE_MEMSET 1
| #define HAVE_SOCKET 1
| #define HAVE_ARPA_INET_H 1
| #define HAVE_FCNTL_H 1
| #define HAVE_LIMITS_H 1
| #define HAVE_NETDB_H 1
| #define HAVE_NETINET_IN_H 1
| #define HAVE_STDDEF_H 1
| #define HAVE_SYS_IOCTL_H 1
| #define HAVE_SYS_SOCKET_H 1
| #define HAVE_SYS_TIME_H 1
| #define HAVE_ERRNO_H 1
| #define TLS __thread
| #define DEBUG 0
| #define HAVE_PTHREAD_PRIO_INHERIT 1
| #define HAVE_PTHREAD 1
| #define BUILD_USER_RSA /**/
| #define VCS_SYSTEM "git"
| #define VCS_CHECKOUT 1
| /* end confdefs.h.  */
| 
| int
| main ()
| {
| 
|   ;
|   return 0;
| }
configure:25355: result: no
configure:25402: checking whether C compiler accepts -Wswitch-enum
configure:25421: gcc -c    -Werror -Wno-pragmas -Wall -Wno-strict-aliasing -Wextra -Wunknown-pragmas --param=ssp-buffer-size=1 -Waddress -Warray-bounds -Wbad-function-cast -Wchar-subscripts -Wcomment -Wfloat-equal -Wformat-security -Wformat=2 -Wmaybe-uninitialized -Wmissing-field-initializers -Wmissing-noreturn -Wmissing-prototypes -Wnested-externs -Wnormalized=id -Woverride-init -Wpointer-arith -Wpointer-sign -Wredundant-decls -Wshadow -Wsign-compare -Wstrict-overflow=1  -Wswitch-enum  conftest.c >&5
configure:25421: $? = 0
configure:25430: result: yes
configure:25446: : CFLAGS="$CFLAGS"
configure:25449: $? = 0
configure:25477: checking whether C compiler accepts -Wundef
configure:25496: gcc -c    -Werror -Wno-pragmas -Wall -Wno-strict-aliasing -Wextra -Wunknown-pragmas --param=ssp-buffer-size=1 -Waddress -Warray-bounds -Wbad-function-cast -Wchar-subscripts -Wcomment -Wfloat-equal -Wformat-security -Wformat=2 -Wmaybe-uninitialized -Wmissing-field-initializers -Wmissing-noreturn -Wmissing-prototypes -Wnested-externs -Wnormalized=id -Woverride-init -Wpointer-arith -Wpointer-sign -Wredundant-decls -Wshadow -Wsign-compare -Wstrict-overflow=1 -Wswitch-enum  -Wundef  conftest.c >&5
configure:25496: $? = 0
configure:25505: result: yes
configure:25521: : CFLAGS="$CFLAGS"
configure:25524: $? = 0
configure:25552: checking whether C compiler accepts -Wunused
configure:25571: gcc -c    -Werror -Wno-pragmas -Wall -Wno-strict-aliasing -Wextra -Wunknown-pragmas --param=ssp-buffer-size=1 -Waddress -Warray-bounds -Wbad-function-cast -Wchar-subscripts -Wcomment -Wfloat-equal -Wformat-security -Wformat=2 -Wmaybe-uninitialized -Wmissing-field-initializers -Wmissing-noreturn -Wmissing-prototypes -Wnested-externs -Wnormalized=id -Woverride-init -Wpointer-arith -Wpointer-sign -Wredundant-decls -Wshadow -Wsign-compare -Wstrict-overflow=1 -Wswitch-enum -Wundef  -Wunused  conftest.c >&5
configure:25571: $? = 0
configure:25580: result: yes
configure:25596: : CFLAGS="$CFLAGS"
configure:25599: $? = 0
configure:25627: checking whether C compiler accepts -Wunused-result
configure:25646: gcc -c    -Werror -Wno-pragmas -Wall -Wno-strict-aliasing -Wextra -Wunknown-pragmas --param=ssp-buffer-size=1 -Waddress -Warray-bounds -Wbad-function-cast -Wchar-subscripts -Wcomment -Wfloat-equal -Wformat-security -Wformat=2 -Wmaybe-uninitialized -Wmissing-field-initializers -Wmissing-noreturn -Wmissing-prototypes -Wnested-externs -Wnormalized=id -Woverride-init -Wpointer-arith -Wpointer-sign -Wredundant-decls -Wshadow -Wsign-compare -Wstrict-overflow=1 -Wswitch-enum -Wundef -Wunused  -Wunused-result  conftest.c >&5
configure:25646: $? = 0
configure:25655: result: yes
configure:25671: : CFLAGS="$CFLAGS"
configure:25674: $? = 0
configure:25702: checking whether C compiler accepts -Wunused-variable
configure:25721: gcc -c    -Werror -Wno-pragmas -Wall -Wno-strict-aliasing -Wextra -Wunknown-pragmas --param=ssp-buffer-size=1 -Waddress -Warray-bounds -Wbad-function-cast -Wchar-subscripts -Wcomment -Wfloat-equal -Wformat-security -Wformat=2 -Wmaybe-uninitialized -Wmissing-field-initializers -Wmissing-noreturn -Wmissing-prototypes -Wnested-externs -Wnormalized=id -Woverride-init -Wpointer-arith -Wpointer-sign -Wredundant-decls -Wshadow -Wsign-compare -Wstrict-overflow=1 -Wswitch-enum -Wundef -Wunused -Wunused-result  -Wunused-variable  conftest.c >&5
configure:25721: $? = 0
configure:25730: result: yes
configure:25746: : CFLAGS="$CFLAGS"
configure:25749: $? = 0
configure:25777: checking whether C compiler accepts -Wwrite-strings
configure:25796: gcc -c    -Werror -Wno-pragmas -Wall -Wno-strict-aliasing -Wextra -Wunknown-pragmas --param=ssp-buffer-size=1 -Waddress -Warray-bounds -Wbad-function-cast -Wchar-subscripts -Wcomment -Wfloat-equal -Wformat-security -Wformat=2 -Wmaybe-uninitialized -Wmissing-field-initializers -Wmissing-noreturn -Wmissing-prototypes -Wnested-externs -Wnormalized=id -Woverride-init -Wpointer-arith -Wpointer-sign -Wredundant-decls -Wshadow -Wsign-compare -Wstrict-overflow=1 -Wswitch-enum -Wundef -Wunused -Wunused-result -Wunused-variable  -Wwrite-strings  conftest.c >&5
configure:25796: $? = 0
configure:25805: result: yes
configure:25821: : CFLAGS="$CFLAGS"
configure:25824: $? = 0
configure:25852: checking whether C compiler accepts -fwrapv
configure:25871: gcc -c    -Werror -Wno-pragmas -Wall -Wno-strict-aliasing -Wextra -Wunknown-pragmas --param=ssp-buffer-size=1 -Waddress -Warray-bounds -Wbad-function-cast -Wchar-subscripts -Wcomment -Wfloat-equal -Wformat-security -Wformat=2 -Wmaybe-uninitialized -Wmissing-field-initializers -Wmissing-noreturn -Wmissing-prototypes -Wnested-externs -Wnormalized=id -Woverride-init -Wpointer-arith -Wpointer-sign -Wredundant-decls -Wshadow -Wsign-compare -Wstrict-overflow=1 -Wswitch-enum -Wundef -Wunused -Wunused-result -Wunused-variable -Wwrite-strings  -fwrapv  conftest.c >&5
configure:25871: $? = 0
configure:25880: result: yes
configure:25896: : CFLAGS="$CFLAGS"
configure:25899: $? = 0
configure:26899: result: creating wolfssl-config - generic 4.5.0 for -lwolfssl
configure:27024: checking the number of available CPUs
configure:27107: result: 8
configure:27124: adding automake macro support
configure:27128: creating aminclude.am
configure:27159: added jobserver support to make for 9 jobs
configure:27280: checking that generated files are newer than configure
configure:27286: result: done
configure:27782: creating ./config.status

## ---------------------- ##
## Running config.status. ##
## ---------------------- ##

This file was extended by wolfssl config.status 4.5.0, which was
generated by GNU Autoconf 2.69.  Invocation command line was

  CONFIG_FILES    = 
  CONFIG_HEADERS  = 
  CONFIG_LINKS    = 
  CONFIG_COMMANDS = 
  $ ./config.status 

on soundes-ThinkPad-T490

config.status:1392: creating stamp-h
config.status:1392: creating Makefile
config.status:1392: creating wolfssl/version.h
config.status:1392: creating wolfssl/options.h
config.status:1392: creating cyassl/options.h
config.status:1392: creating support/wolfssl.pc
config.status:1392: creating rpm/spec
config.status:1392: creating config.h
config.status:1573: config.h is unchanged
config.status:1621: executing depfiles commands
config.status:1621: executing libtool commands

## ---------------- ##
## Cache variables. ##
## ---------------- ##

ac_cv_build=x86_64-pc-linux-gnu
ac_cv_c_bigendian=no
ac_cv_c_compiler_gnu=yes
ac_cv_c_uint8_t=yes
ac_cv_env_CCASFLAGS_set=
ac_cv_env_CCASFLAGS_value=
ac_cv_env_CCAS_set=
ac_cv_env_CCAS_value=
ac_cv_env_CC_set=
ac_cv_env_CC_value=
ac_cv_env_CFLAGS_set=
ac_cv_env_CFLAGS_value=
ac_cv_env_CPPFLAGS_set=
ac_cv_env_CPPFLAGS_value=
ac_cv_env_CPP_set=
ac_cv_env_CPP_value=
ac_cv_env_LDFLAGS_set=
ac_cv_env_LDFLAGS_value=
ac_cv_env_LIBS_set=
ac_cv_env_LIBS_value=
ac_cv_env_LT_SYS_LIBRARY_PATH_set=
ac_cv_env_LT_SYS_LIBRARY_PATH_value=
ac_cv_env_build_alias_set=
ac_cv_env_build_alias_value=
ac_cv_env_host_alias_set=
ac_cv_env_host_alias_value=
ac_cv_env_target_alias_set=
ac_cv_env_target_alias_value=
ac_cv_func_getaddrinfo=yes
ac_cv_func_gethostbyname=yes
ac_cv_func_gettimeofday=yes
ac_cv_func_gmtime_r=yes
ac_cv_func_inet_ntoa=yes
ac_cv_func_memset=yes
ac_cv_func_socket=yes
ac_cv_header_arpa_inet_h=yes
ac_cv_header_dlfcn_h=yes
ac_cv_header_errno_h=yes
ac_cv_header_fcntl_h=yes
ac_cv_header_inttypes_h=yes
ac_cv_header_limits_h=yes
ac_cv_header_memory_h=yes
ac_cv_header_netdb_h=yes
ac_cv_header_netinet_in_h=yes
ac_cv_header_stdc=yes
ac_cv_header_stddef_h=yes
ac_cv_header_stdint_h=yes
ac_cv_header_stdlib_h=yes
ac_cv_header_string_h=yes
ac_cv_header_strings_h=yes
ac_cv_header_sys_ioctl_h=yes
ac_cv_header_sys_socket_h=yes
ac_cv_header_sys_stat_h=yes
ac_cv_header_sys_time_h=yes
ac_cv_header_sys_types_h=yes
ac_cv_header_unistd_h=yes
ac_cv_host=x86_64-pc-linux-gnu
ac_cv_lib_m_cos=yes
ac_cv_lib_network_socket=no
ac_cv_objext=o
ac_cv_path_EGREP='/bin/grep -E'
ac_cv_path_FGREP='/bin/grep -F'
ac_cv_path_GREP=/bin/grep
ac_cv_path_SED=/bin/sed
ac_cv_path_install='/usr/bin/install -c'
ac_cv_path_lt_DD=/bin/dd
ac_cv_path_mkdir=/bin/mkdir
ac_cv_prog_AWK=mawk
ac_cv_prog_CPP='gcc -E'
ac_cv_prog_ac_ct_AR=ar
ac_cv_prog_ac_ct_CC=gcc
ac_cv_prog_ac_ct_MANIFEST_TOOL=mt
ac_cv_prog_ac_ct_OBJDUMP=objdump
ac_cv_prog_ac_ct_RANLIB=ranlib
ac_cv_prog_ac_ct_STRIP=strip
ac_cv_prog_cc_c89=
ac_cv_prog_cc_g=yes
ac_cv_prog_make_make_set=yes
ac_cv_search_gethostbyname='none required'
ac_cv_search_socket='none required'
ac_cv_sizeof_long=8
ac_cv_sizeof_long_long=8
ac_cv_sizeof_time_t=8
ac_cv_tls=__thread
ac_cv_type___uint128_t=yes
ac_cv_type_size_t=yes
ac_cv_vcs_checkout=yes
ac_cv_vcs_system=git
ac_cv_warnings_as_errors=yes
am_cv_CCAS_dependencies_compiler_type=gcc3
am_cv_CC_dependencies_compiler_type=gcc3
am_cv_make_support_nested_variables=yes
am_cv_prog_cc_c_o=yes
am_cv_prog_tar_ustar=gnutar
ax_cv_PTHREAD_CLANG=no
ax_cv_PTHREAD_JOINABLE_ATTR=PTHREAD_CREATE_JOINABLE
ax_cv_PTHREAD_PRIO_INHERIT=yes
ax_cv_PTHREAD_SPECIAL_FLAGS=no
ax_cv_check_cflags__Waddress=yes
ax_cv_check_cflags__Wall=yes
ax_cv_check_cflags__Warray_bounds=yes
ax_cv_check_cflags__Wbad_function_cast=yes
ax_cv_check_cflags__Wchar_subscripts=yes
ax_cv_check_cflags__Wcomment=yes
ax_cv_check_cflags__Wextra=yes
ax_cv_check_cflags__Wfloat_equal=yes
ax_cv_check_cflags__Wformat_2=yes
ax_cv_check_cflags__Wformat_security=yes
ax_cv_check_cflags__Wmaybe_uninitialized=yes
ax_cv_check_cflags__Wmissing_field_initializers=yes
ax_cv_check_cflags__Wmissing_noreturn=yes
ax_cv_check_cflags__Wmissing_prototypes=yes
ax_cv_check_cflags__Wnested_externs=yes
ax_cv_check_cflags__Wno_pragmas=yes
ax_cv_check_cflags__Wno_strict_aliasing=yes
ax_cv_check_cflags__Wnormalized_id=yes
ax_cv_check_cflags__Woverride_init=yes
ax_cv_check_cflags__Wpointer_arith=yes
ax_cv_check_cflags__Wpointer_sign=yes
ax_cv_check_cflags__Wredundant_decls=yes
ax_cv_check_cflags__Wshadow=yes
ax_cv_check_cflags__Wshorten_64_to_32=no
ax_cv_check_cflags__Wsign_compare=yes
ax_cv_check_cflags__Wstrict_overflow_1=yes
ax_cv_check_cflags__Wstrict_prototypes=no
ax_cv_check_cflags__Wswitch_enum=yes
ax_cv_check_cflags__Wthis_test_should_fail=no
ax_cv_check_cflags__Wundef=yes
ax_cv_check_cflags__Wunknown_pragmas=yes
ax_cv_check_cflags__Wunused=yes
ax_cv_check_cflags__Wunused_result=yes
ax_cv_check_cflags__Wunused_variable=yes
ax_cv_check_cflags__Wwrite_strings=yes
ax_cv_check_cflags___Werror=yes
ax_cv_check_cflags___param_ssp_buffer_size_1=yes
ax_cv_check_cflags__fwrapv=yes
ax_cv_check_ldflags___Werror=yes
ax_cv_check_ldflags__pie=yes
ax_cv_check_ldflags__z_relro__z_now=yes
gl_cv_cc_vis_werror=yes
gl_cv_cc_visibility=yes
lt_cv_ar_at_file=@
lt_cv_archive_cmds_need_lc=no
lt_cv_deplibs_check_method=pass_all
lt_cv_file_magic_cmd='$MAGIC_CMD'
lt_cv_file_magic_test_file=
lt_cv_ld_reload_flag=-r
lt_cv_nm_interface='BSD nm'
lt_cv_objdir=.libs
lt_cv_path_LD=/usr/bin/ld
lt_cv_path_NM='/usr/bin/nm -B'
lt_cv_path_mainfest_tool=no
lt_cv_prog_compiler_c_o=yes
lt_cv_prog_compiler_pic='-fPIC -DPIC'
lt_cv_prog_compiler_pic_works=yes
lt_cv_prog_compiler_rtti_exceptions=no
lt_cv_prog_compiler_static_works=yes
lt_cv_prog_gnu_ld=yes
lt_cv_sharedlib_from_linklib_cmd='printf %s\n'
lt_cv_shlibpath_overrides_runpath=yes
lt_cv_sys_global_symbol_pipe='sed -n -e '\''s/^.*[	 ]\([ABCDGIRSTW][ABCDGIRSTW]*\)[	 ][	 ]*\([_A-Za-z][_A-Za-z0-9]*\)$/\1 \2 \2/p'\'' | sed '\''/ __gnu_lto/d'\'''
lt_cv_sys_global_symbol_to_c_name_address='sed -n -e '\''s/^: \(.*\) .*$/  {"\1", (void *) 0},/p'\'' -e '\''s/^[ABCDGIRSTW][ABCDGIRSTW]* .* \(.*\)$/  {"\1", (void *) \&\1},/p'\'''
lt_cv_sys_global_symbol_to_c_name_address_lib_prefix='sed -n -e '\''s/^: \(.*\) .*$/  {"\1", (void *) 0},/p'\'' -e '\''s/^[ABCDGIRSTW][ABCDGIRSTW]* .* \(lib.*\)$/  {"\1", (void *) \&\1},/p'\'' -e '\''s/^[ABCDGIRSTW][ABCDGIRSTW]* .* \(.*\)$/  {"lib\1", (void *) \&\1},/p'\'''
lt_cv_sys_global_symbol_to_cdecl='sed -n -e '\''s/^T .* \(.*\)$/extern int \1();/p'\'' -e '\''s/^[ABCDGIRSTW][ABCDGIRSTW]* .* \(.*\)$/extern char \1;/p'\'''
lt_cv_sys_global_symbol_to_import=
lt_cv_sys_max_cmd_len=1572864
lt_cv_to_host_file_cmd=func_convert_file_noop
lt_cv_to_tool_file_cmd=func_convert_file_noop
lt_cv_truncate_bin='/bin/dd bs=4096 count=1'

## ----------------- ##
## Output variables. ##
## ----------------- ##

ACLOCAL='${SHELL} /home/soundes/WSSL/wolfssl/build-aux/missing aclocal-1.15'
AMDEPBACKSLASH='\'
AMDEP_FALSE='#'
AMDEP_TRUE=''
AMINCLUDE='aminclude.am'
AMTAR='$${TAR-tar}'
AM_BACKSLASH='\'
AM_CCASFLAGS=''
AM_CFLAGS='-DWOLFSSL_TLS13 -DHAVE_TLS_EXTENSIONS -DHAVE_SUPPORTED_CURVES -DHAVE_FFDHE_2048 -DHAVE_EXT_CACHE -DWOLFSSL_VERIFY_CB_ALL_CERTS -DWOLFSSL_EXTRA_ALERTS -DOPENSSL_EXTRA -DWOLFSSL_ALWAYS_VERIFY_CB -D_POSIX_THREADS  -fvisibility=hidden -DHAVE_THREAD_LS -DNDEBUG -pthread -DTFM_TIMING_RESISTANT -DECC_TIMING_RESISTANT -DWC_RSA_BLINDING -DHAVE_AESGCM -DWOLFSSL_SHA512 -DWOLFSSL_SHA384 -DWOLFSSL_CERT_GEN -DWOLFSSL_CERT_REQ -DWOLFSSL_CERT_EXT -DHAVE_HKDF -DNO_DSA -DHAVE_ECC -DTFM_ECC256 -DECC_SHAMIR -DWC_RSA_PSS -DWOLFSSL_BASE64_ENCODE -DNO_RC4 -DNO_HC128 -DNO_RABBIT -DWOLFSSL_SHA224 -DWOLFSSL_SHA3 -DWOLFSSL_SHAKE256 -DHAVE_POLY1305 -DHAVE_ONE_TIME_AUTH -DHAVE_CHACHA -DHAVE_HASHDRBG -DHAVE_TLS_EXTENSIONS -DHAVE_SUPPORTED_CURVES -DHAVE_EXTENDED_MASTER -DNO_RC4 -DHAVE_ENCRYPT_THEN_MAC -DNO_PSK -DNO_MD4 -DWOLFSSL_ENCRYPTED_KEYS -DUSE_FAST_MATH -DWOLFSSL_X86_64_BUILD -DWC_NO_ASYNC_THREADING -DHAVE_DH_DEFAULT_PARAMS -DNO_DES3 -Wall -Wno-unused -O2 -DHAVE___UINT128_T=1'
AM_CPPFLAGS=''
AM_DEFAULT_V='$(AM_DEFAULT_VERBOSITY)'
AM_DEFAULT_VERBOSITY='0'
AM_LDFLAGS=''
AM_V='$(V)'
AR='ar'
AS='as'
AUTOCONF='${SHELL} /home/soundes/WSSL/wolfssl/build-aux/missing autoconf'
AUTOHEADER='${SHELL} /home/soundes/WSSL/wolfssl/build-aux/missing autoheader'
AUTOMAKE='${SHELL} /home/soundes/WSSL/wolfssl/build-aux/missing automake-1.15'
AWK='mawk'
BUILD_AESCCM_FALSE=''
BUILD_AESCCM_TRUE='#'
BUILD_AESGCM_FALSE='#'
BUILD_AESGCM_TRUE=''
BUILD_AESNI_FALSE=''
BUILD_AESNI_TRUE='#'
BUILD_AES_FALSE='#'
BUILD_AES_TRUE=''
BUILD_AFALG_FALSE=''
BUILD_AFALG_TRUE='#'
BUILD_ALL_FALSE=''
BUILD_ALL_TRUE='#'
BUILD_ARMASM_FALSE=''
BUILD_ARMASM_TRUE='#'
BUILD_ASN_FALSE='#'
BUILD_ASN_TRUE=''
BUILD_ASYNCCRYPT_FALSE=''
BUILD_ASYNCCRYPT_TRUE='#'
BUILD_BLAKE2S_FALSE=''
BUILD_BLAKE2S_TRUE='#'
BUILD_BLAKE2_FALSE=''
BUILD_BLAKE2_TRUE='#'
BUILD_CAMELLIA_FALSE=''
BUILD_CAMELLIA_TRUE='#'
BUILD_CAVIUM_FALSE=''
BUILD_CAVIUM_TRUE='#'
BUILD_CAVIUM_V_FALSE=''
BUILD_CAVIUM_V_TRUE='#'
BUILD_CHACHA_FALSE='#'
BUILD_CHACHA_TRUE=''
BUILD_CMAC_FALSE=''
BUILD_CMAC_TRUE='#'
BUILD_CODING_FALSE='#'
BUILD_CODING_TRUE=''
BUILD_CRL_FALSE=''
BUILD_CRL_MONITOR_FALSE=''
BUILD_CRL_MONITOR_TRUE='#'
BUILD_CRL_TRUE='#'
BUILD_CRYPTOAUTHLIB_FALSE=''
BUILD_CRYPTOAUTHLIB_TRUE='#'
BUILD_CRYPTOCB_FALSE=''
BUILD_CRYPTOCB_TRUE='#'
BUILD_CRYPTONLY_FALSE=''
BUILD_CRYPTONLY_TRUE='#'
BUILD_CURVE25519_FALSE=''
BUILD_CURVE25519_SMALL_FALSE=''
BUILD_CURVE25519_SMALL_TRUE='#'
BUILD_CURVE25519_TRUE='#'
BUILD_CURVE448_FALSE=''
BUILD_CURVE448_SMALL_FALSE=''
BUILD_CURVE448_SMALL_TRUE='#'
BUILD_CURVE448_TRUE='#'
BUILD_DES3_FALSE=''
BUILD_DES3_TRUE='#'
BUILD_DEVCRYPTO_FALSE=''
BUILD_DEVCRYPTO_TRUE='#'
BUILD_DH_FALSE='#'
BUILD_DH_TRUE=''
BUILD_DISTRO_FALSE=''
BUILD_DISTRO_TRUE='#'
BUILD_DSA_FALSE=''
BUILD_DSA_TRUE='#'
BUILD_ECC_FALSE='#'
BUILD_ECC_TRUE=''
BUILD_ED25519_FALSE=''
BUILD_ED25519_SMALL_FALSE=''
BUILD_ED25519_SMALL_TRUE='#'
BUILD_ED25519_TRUE='#'
BUILD_ED448_FALSE=''
BUILD_ED448_SMALL_FALSE=''
BUILD_ED448_SMALL_TRUE='#'
BUILD_ED448_TRUE='#'
BUILD_EXAMPLE_CLIENTS_FALSE='#'
BUILD_EXAMPLE_CLIENTS_TRUE=''
BUILD_EXAMPLE_SERVERS_FALSE='#'
BUILD_EXAMPLE_SERVERS_TRUE=''
BUILD_FASTMATH_FALSE='#'
BUILD_FASTMATH_TRUE=''
BUILD_FAST_RSA_FALSE=''
BUILD_FAST_RSA_TRUE='#'
BUILD_FE448_FALSE=''
BUILD_FE448_TRUE='#'
BUILD_FEMATH_FALSE=''
BUILD_FEMATH_TRUE='#'
BUILD_FIPS_FALSE=''
BUILD_FIPS_RAND_FALSE=''
BUILD_FIPS_RAND_TRUE='#'
BUILD_FIPS_TRUE='#'
BUILD_FIPS_V1_FALSE=''
BUILD_FIPS_V1_TRUE='#'
BUILD_FIPS_V2_FALSE=''
BUILD_FIPS_V2_TRUE='#'
BUILD_GE448_FALSE=''
BUILD_GE448_TRUE='#'
BUILD_GEMATH_FALSE=''
BUILD_GEMATH_TRUE='#'
BUILD_HASHFLAGS_FALSE=''
BUILD_HASHFLAGS_TRUE='#'
BUILD_HC128_FALSE=''
BUILD_HC128_TRUE='#'
BUILD_IDEA_FALSE=''
BUILD_IDEA_TRUE='#'
BUILD_INLINE_FALSE='#'
BUILD_INLINE_TRUE=''
BUILD_INTELASM_FALSE=''
BUILD_INTELASM_TRUE='#'
BUILD_INTEL_QA_FALSE=''
BUILD_INTEL_QA_SYNC_FALSE=''
BUILD_INTEL_QA_SYNC_TRUE='#'
BUILD_INTEL_QA_TRUE='#'
BUILD_IPV6_FALSE=''
BUILD_IPV6_TRUE='#'
BUILD_LEANPSK_FALSE=''
BUILD_LEANPSK_TRUE='#'
BUILD_LEANTLS_FALSE=''
BUILD_LEANTLS_TRUE='#'
BUILD_LIBZ_FALSE=''
BUILD_LIBZ_TRUE='#'
BUILD_LOWMEM_FALSE=''
BUILD_LOWMEM_TRUE='#'
BUILD_MCAPI_FALSE=''
BUILD_MCAPI_TRUE='#'
BUILD_MCAST_FALSE=''
BUILD_MCAST_TRUE='#'
BUILD_MD2_FALSE=''
BUILD_MD2_TRUE='#'
BUILD_MD4_FALSE=''
BUILD_MD4_TRUE='#'
BUILD_MD5_FALSE='#'
BUILD_MD5_TRUE=''
BUILD_MEMORY_FALSE='#'
BUILD_MEMORY_TRUE=''
BUILD_NTRU_FALSE=''
BUILD_NTRU_TRUE='#'
BUILD_OCSP_FALSE=''
BUILD_OCSP_STAPLING_FALSE=''
BUILD_OCSP_STAPLING_TRUE='#'
BUILD_OCSP_STAPLING_V2_FALSE=''
BUILD_OCSP_STAPLING_V2_TRUE='#'
BUILD_OCSP_TRUE='#'
BUILD_OCTEON_SYNC_FALSE=''
BUILD_OCTEON_SYNC_TRUE='#'
BUILD_PKCALLBACKS_FALSE=''
BUILD_PKCALLBACKS_TRUE='#'
BUILD_PKCS11_FALSE=''
BUILD_PKCS11_TRUE='#'
BUILD_PKCS12_FALSE='#'
BUILD_PKCS12_TRUE=''
BUILD_PKCS7_FALSE=''
BUILD_PKCS7_TRUE='#'
BUILD_PKI_FALSE='#'
BUILD_PKI_TRUE=''
BUILD_POLY1305_FALSE='#'
BUILD_POLY1305_TRUE=''
BUILD_PSK_FALSE=''
BUILD_PSK_TRUE='#'
BUILD_PWDBASED_FALSE='#'
BUILD_PWDBASED_TRUE=''
BUILD_RABBIT_FALSE=''
BUILD_RABBIT_TRUE='#'
BUILD_RC4_FALSE=''
BUILD_RC4_TRUE='#'
BUILD_RIPEMD_FALSE=''
BUILD_RIPEMD_TRUE='#'
BUILD_RNG_FALSE='#'
BUILD_RNG_TRUE=''
BUILD_RSA_FALSE='#'
BUILD_RSA_TRUE=''
BUILD_SCRYPT_FALSE=''
BUILD_SCRYPT_TRUE='#'
BUILD_SCTP_FALSE=''
BUILD_SCTP_TRUE='#'
BUILD_SELFTEST_FALSE=''
BUILD_SELFTEST_TRUE='#'
BUILD_SHA224_FALSE='#'
BUILD_SHA224_TRUE=''
BUILD_SHA3_FALSE='#'
BUILD_SHA3_TRUE=''
BUILD_SHA512_FALSE='#'
BUILD_SHA512_TRUE=''
BUILD_SHA_FALSE='#'
BUILD_SHA_TRUE=''
BUILD_SLOWMATH_FALSE=''
BUILD_SLOWMATH_TRUE='#'
BUILD_SNIFFER_FALSE=''
BUILD_SNIFFER_TRUE='#'
BUILD_SNIFFTEST_FALSE=''
BUILD_SNIFFTEST_TRUE='#'
BUILD_SP_ARM32_FALSE=''
BUILD_SP_ARM32_TRUE='#'
BUILD_SP_ARM64_FALSE=''
BUILD_SP_ARM64_TRUE='#'
BUILD_SP_ARM_CORTEX_FALSE=''
BUILD_SP_ARM_CORTEX_TRUE='#'
BUILD_SP_ARM_THUMB_FALSE=''
BUILD_SP_ARM_THUMB_TRUE='#'
BUILD_SP_C_FALSE=''
BUILD_SP_C_TRUE='#'
BUILD_SP_FALSE=''
BUILD_SP_INT_FALSE=''
BUILD_SP_INT_TRUE='#'
BUILD_SP_TRUE='#'
BUILD_SP_X86_64_FALSE=''
BUILD_SP_X86_64_TRUE='#'
BUILD_SRP_FALSE=''
BUILD_SRP_TRUE='#'
BUILD_TESTS_FALSE='#'
BUILD_TESTS_TRUE=''
BUILD_THREADED_EXAMPLES_FALSE='#'
BUILD_THREADED_EXAMPLES_TRUE=''
BUILD_TLS13_FALSE='#'
BUILD_TLS13_TRUE=''
BUILD_TRUST_PEER_CERT_FALSE=''
BUILD_TRUST_PEER_CERT_TRUE='#'
BUILD_USER_CRYPTO_FALSE=''
BUILD_USER_CRYPTO_TRUE='#'
BUILD_USER_RSA_FALSE=''
BUILD_USER_RSA_TRUE='#'
BUILD_WNR_FALSE=''
BUILD_WNR_TRUE='#'
BUILD_WOLFCRYPT_TESTS_FALSE='#'
BUILD_WOLFCRYPT_TESTS_TRUE=''
BUILD_WOLFEVENT_FALSE=''
BUILD_WOLFEVENT_TRUE='#'
BUILD_XILINX_FALSE=''
BUILD_XILINX_TRUE='#'
BUILD_XMSS_FALSE='#'
BUILD_XMSS_TRUE=''
CC='gcc'
CCAS='gcc'
CCASDEPMODE='depmode=gcc3'
CCASFLAGS='  '
CCDEPMODE='depmode=gcc3'
CFLAGS='   -Werror -Wno-pragmas -Wall -Wno-strict-aliasing -Wextra -Wunknown-pragmas --param=ssp-buffer-size=1 -Waddress -Warray-bounds -Wbad-function-cast -Wchar-subscripts -Wcomment -Wfloat-equal -Wformat-security -Wformat=2 -Wmaybe-uninitialized -Wmissing-field-initializers -Wmissing-noreturn -Wmissing-prototypes -Wnested-externs -Wnormalized=id -Woverride-init -Wpointer-arith -Wpointer-sign -Wredundant-decls -Wshadow -Wsign-compare -Wstrict-overflow=1 -Wswitch-enum -Wundef -Wunused -Wunused-result -Wunused-variable -Wwrite-strings -fwrapv'
CFLAG_VISIBILITY='-fvisibility=hidden'
CPP='gcc -E'
CPPFLAGS=''
CYGPATH_W='echo'
DEBUG_FALSE=''
DEBUG_TRUE='#'
DEFS='-DHAVE_CONFIG_H'
DEPDIR='.deps'
DLLTOOL='false'
DSYMUTIL=''
DUMPBIN=''
ECHO_C=''
ECHO_N='-n'
ECHO_T=''
EGREP='/bin/grep -E'
EXEEXT=''
FGREP='/bin/grep -F'
GENERIC_CONFIG='wolfssl-config'
GREP='/bin/grep'
HAVE_OPENSSL_CMD=''
HAVE_VALGRIND=''
HAVE_VISIBILITY='1'
HEX_VERSION='0x04005000'
INC_AMINCLUDE='include $(top_builddir)/aminclude.am'
INSTALL_DATA='${INSTALL} -m 644'
INSTALL_PROGRAM='${INSTALL}'
INSTALL_SCRIPT='${INSTALL}'
INSTALL_STRIP_PROGRAM='$(install_sh) -c -s'
IPPHEADERS=''
IPPLIBS=''
IPPLINK=''
IS_VCS_CHECKOUT_FALSE='#'
IS_VCS_CHECKOUT_TRUE=''
LD='/usr/bin/ld -m elf_x86_64'
LDFLAGS=''
LIBM='-lm'
LIBOBJS=''
LIBS=' '
LIBTOOL='$(SHELL) $(top_builddir)/libtool'
LIB_ADD=''
LIB_STATIC_ADD=''
LIPO=''
LN_S='ln -s'
LTLIBOBJS=''
LT_SYS_LIBRARY_PATH=''
MAKEINFO='${SHELL} /home/soundes/WSSL/wolfssl/build-aux/missing makeinfo'
MANIFEST_TOOL=':'
MCHECK=''
MKDIR_P='/bin/mkdir -p'
NM='/usr/bin/nm -B'
NMEDIT=''
OBJDUMP='objdump'
OBJEXT='o'
OTOOL64=''
OTOOL=''
PACKAGE='wolfssl'
PACKAGE_BUGREPORT='https://github.com/wolfssl/wolfssl/issues'
PACKAGE_NAME='wolfssl'
PACKAGE_STRING='wolfssl 4.5.0'
PACKAGE_TARNAME='wolfssl'
PACKAGE_URL='https://www.wolfssl.com'
PACKAGE_VERSION='4.5.0'
PATH_SEPARATOR=':'
PTHREAD_CC='gcc'
PTHREAD_CFLAGS='-pthread'
PTHREAD_LIBS=''
RANLIB='ranlib'
SED='/bin/sed'
SET_MAKE=''
SHELL='/bin/bash'
STRIP='strip'
USE_VALGRIND_FALSE=''
USE_VALGRIND_TRUE='#'
VERSION='4.5.0'
WOLFSSL_LIBRARY_VERSION='26:0:2'
ac_ct_AR='ar'
ac_ct_CC='gcc'
ac_ct_DUMPBIN=''
am__EXEEXT_FALSE=''
am__EXEEXT_TRUE='#'
am__fastdepCCAS_FALSE='#'
am__fastdepCCAS_TRUE=''
am__fastdepCC_FALSE='#'
am__fastdepCC_TRUE=''
am__include='include'
am__isrc=''
am__leading_dot='.'
am__nodep='_no'
am__quote=''
am__tar='tar --format=ustar -chf - "$$tardir"'
am__untar='tar -xf -'
ax_pthread_config=''
bindir='${exec_prefix}/bin'
build='x86_64-pc-linux-gnu'
build_alias=''
build_cpu='x86_64'
build_os='linux-gnu'
build_vendor='pc'
datadir='${datarootdir}'
datarootdir='${prefix}/share'
docdir='${datarootdir}/doc/${PACKAGE_TARNAME}'
dvidir='${docdir}'
exec_prefix='${prefix}'
host='x86_64-pc-linux-gnu'
host_alias=''
host_cpu='x86_64'
host_os='linux-gnu'
host_vendor='pc'
htmldir='${docdir}'
includedir='${prefix}/include'
infodir='${datarootdir}/info'
install_sh='${SHELL} /home/soundes/WSSL/wolfssl/build-aux/install-sh'
libdir='${exec_prefix}/lib'
libexecdir='${exec_prefix}/libexec'
localedir='${datarootdir}/locale'
localstatedir='${prefix}/var'
mandir='${datarootdir}/man'
mkdir_p='$(MKDIR_P)'
oldincludedir='/usr/include'
pdfdir='${docdir}'
prefix='/usr/local'
program_transform_name='s,x,x,'
psdir='${docdir}'
runstatedir='${localstatedir}/run'
sbindir='${exec_prefix}/sbin'
sharedstatedir='${prefix}/com'
sysconfdir='${prefix}/etc'
target_alias=''

## ----------- ##
## confdefs.h. ##
## ----------- ##

/* confdefs.h */
#define PACKAGE_NAME "wolfssl"
#define PACKAGE_TARNAME "wolfssl"
#define PACKAGE_VERSION "4.5.0"
#define PACKAGE_STRING "wolfssl 4.5.0"
#define PACKAGE_BUGREPORT "https://github.com/wolfssl/wolfssl/issues"
#define PACKAGE_URL "https://www.wolfssl.com"
#define STDC_HEADERS 1
#define HAVE_SYS_TYPES_H 1
#define HAVE_SYS_STAT_H 1
#define HAVE_STDLIB_H 1
#define HAVE_STRING_H 1
#define HAVE_MEMORY_H 1
#define HAVE_STRINGS_H 1
#define HAVE_INTTYPES_H 1
#define HAVE_STDINT_H 1
#define HAVE_UNISTD_H 1
#define HAVE_DLFCN_H 1
#define LT_OBJDIR ".libs/"
#define HAVE_VISIBILITY 1
#define SIZEOF_LONG_LONG 8
#define SIZEOF_LONG 8
#define SIZEOF_TIME_T 8
#define HAVE___UINT128_T 1
#define HAVE_GETHOSTBYNAME 1
#define HAVE_GETADDRINFO 1
#define HAVE_GETTIMEOFDAY 1
#define HAVE_GMTIME_R 1
#define HAVE_INET_NTOA 1
#define HAVE_MEMSET 1
#define HAVE_SOCKET 1
#define HAVE_ARPA_INET_H 1
#define HAVE_FCNTL_H 1
#define HAVE_LIMITS_H 1
#define HAVE_NETDB_H 1
#define HAVE_NETINET_IN_H 1
#define HAVE_STDDEF_H 1
#define HAVE_SYS_IOCTL_H 1
#define HAVE_SYS_SOCKET_H 1
#define HAVE_SYS_TIME_H 1
#define HAVE_ERRNO_H 1
#define TLS __thread
#define DEBUG 0
#define HAVE_PTHREAD_PRIO_INHERIT 1
#define HAVE_PTHREAD 1
#define BUILD_USER_RSA /**/
#define VCS_SYSTEM "git"
#define VCS_CHECKOUT 1

configure: exit 0
